Using pre-set license
Built from '2021.3/staging' branch; Version is '2021.3.22f1 (b6c551784ba3) revision 11978065'; Using compiler version '192829333'; Build Type 'Release'
OS: 'Windows 10  (10.0.19045) 64bit Professional' Language: 'ko' Physical Memory: 16171 MB
BatchMode: 1, IsHumanControllingUs: 0, StartBugReporterOnCrash: 0, Is64bit: 1, IsPro: 1

COMMAND LINE ARGUMENTS:
C:\Program Files\Unity\Hub\Editor\2021.3.22f1\Editor\Unity.exe
-adb2
-batchMode
-noUpm
-name
AssetImportWorker5
-projectPath
C:/thKim/UnityProjects/fowRepos/main/fogOfWar
-logFile
Logs/AssetImportWorker5.log
-srvPort
52343
Successfully changed project path to: C:/thKim/UnityProjects/fowRepos/main/fogOfWar
C:/thKim/UnityProjects/fowRepos/main/fogOfWar
[UnityMemory] Configuration Parameters - Can be set up in boot.config
    "memorysetup-bucket-allocator-granularity=16"
    "memorysetup-bucket-allocator-bucket-count=8"
    "memorysetup-bucket-allocator-block-size=33554432"
    "memorysetup-bucket-allocator-block-count=8"
    "memorysetup-main-allocator-block-size=16777216"
    "memorysetup-thread-allocator-block-size=16777216"
    "memorysetup-gfx-main-allocator-block-size=16777216"
    "memorysetup-gfx-thread-allocator-block-size=16777216"
    "memorysetup-cache-allocator-block-size=4194304"
    "memorysetup-typetree-allocator-block-size=2097152"
    "memorysetup-profiler-bucket-allocator-granularity=16"
    "memorysetup-profiler-bucket-allocator-bucket-count=8"
    "memorysetup-profiler-bucket-allocator-block-size=33554432"
    "memorysetup-profiler-bucket-allocator-block-count=8"
    "memorysetup-profiler-allocator-block-size=16777216"
    "memorysetup-profiler-editor-allocator-block-size=1048576"
    "memorysetup-temp-allocator-size-main=16777216"
    "memorysetup-job-temp-allocator-block-size=2097152"
    "memorysetup-job-temp-allocator-block-size-background=1048576"
    "memorysetup-job-temp-allocator-reduction-small-platforms=262144"
    "memorysetup-temp-allocator-size-background-worker=32768"
    "memorysetup-temp-allocator-size-job-worker=262144"
    "memorysetup-temp-allocator-size-preload-manager=33554432"
    "memorysetup-temp-allocator-size-nav-mesh-worker=65536"
    "memorysetup-temp-allocator-size-audio-worker=65536"
    "memorysetup-temp-allocator-size-cloud-worker=32768"
    "memorysetup-temp-allocator-size-gi-baking-worker=262144"
    "memorysetup-temp-allocator-size-gfx=262144"
Player connection [22404] Host "[IP] 192.168.0.137 [Port] 0 [Flags] 2 [Guid] 2979670591 [EditorId] 2979670591 [Version] 1048832 [Id] WindowsEditor(7,DESKTOP-052EG82) [Debug] 1 [PackageName] WindowsEditor [ProjectName] Editor" joined multi-casting on [225.0.0.222:54997]...

Player connection [22404] Host "[IP] 192.168.0.137 [Port] 0 [Flags] 2 [Guid] 2979670591 [EditorId] 2979670591 [Version] 1048832 [Id] WindowsEditor(7,DESKTOP-052EG82) [Debug] 1 [PackageName] WindowsEditor [ProjectName] Editor" joined alternative multi-casting on [225.0.0.222:34997]...

Refreshing native plugins compatible for Editor in 109.97 ms, found 3 plugins.
Preloading 0 native plugins for Editor in 0.00 ms.
Initialize engine version: 2021.3.22f1 (b6c551784ba3)
[Subsystems] Discovering subsystems at path C:/Program Files/Unity/Hub/Editor/2021.3.22f1/Editor/Data/Resources/UnitySubsystems
[Subsystems] Discovering subsystems at path C:/thKim/UnityProjects/fowRepos/main/fogOfWar/Assets
GfxDevice: creating device client; threaded=0; jobified=0
Direct3D:
    Version:  Direct3D 11.0 [level 11.1]
    Renderer: AMD Radeon RX 6500 XT (ID=0x743f)
    Vendor:   ATI
    VRAM:     4051 MB
    Driver:   30.0.14023.3004
Initialize mono
Mono path[0] = 'C:/Program Files/Unity/Hub/Editor/2021.3.22f1/Editor/Data/Managed'
Mono path[1] = 'C:/Program Files/Unity/Hub/Editor/2021.3.22f1/Editor/Data/MonoBleedingEdge/lib/mono/unityjit-win32'
Mono config path = 'C:/Program Files/Unity/Hub/Editor/2021.3.22f1/Editor/Data/MonoBleedingEdge/etc'
Using monoOptions --debugger-agent=transport=dt_socket,embedding=1,server=y,suspend=n,address=127.0.0.1:56868
Begin MonoManager ReloadAssembly
Registering precompiled unity dll's ...
Register platform support module: C:/Program Files/Unity/Hub/Editor/2021.3.22f1/Editor/Data/PlaybackEngines/AndroidPlayer/UnityEditor.Android.Extensions.dll
Register platform support module: C:/Program Files/Unity/Hub/Editor/2021.3.22f1/Editor/Data/PlaybackEngines/WindowsStandaloneSupport/UnityEditor.WindowsStandalone.Extensions.dll
Registered in 0.005697 seconds.
Native extension for WindowsStandalone target not found
Native extension for Android target not found
Android Extension - Scanning For ADB Devices 296 ms
Refreshing native plugins compatible for Editor in 86.64 ms, found 3 plugins.
Preloading 0 native plugins for Editor in 0.00 ms.
Mono: successfully reloaded assembly
- Completed reload, in  1.031 seconds
Domain Reload Profiling:
	ReloadAssembly (1032ms)
		BeginReloadAssembly (65ms)
			ExecutionOrderSort (0ms)
			DisableScriptedObjects (0ms)
			BackupInstance (0ms)
			ReleaseScriptingObjects (0ms)
			CreateAndSetChildDomain (1ms)
		EndReloadAssembly (799ms)
			LoadAssemblies (64ms)
			RebuildTransferFunctionScriptingTraits (0ms)
			SetupTypeCache (196ms)
			ReleaseScriptCaches (0ms)
			RebuildScriptCaches (19ms)
			SetupLoadedEditorAssemblies (541ms)
				LogAssemblyErrors (0ms)
				InitializePlatformSupportModulesInManaged (348ms)
				SetLoadedEditorAssemblies (0ms)
				RefreshPlugins (87ms)
				BeforeProcessingInitializeOnLoad (1ms)
				ProcessInitializeOnLoadAttributes (69ms)
				ProcessInitializeOnLoadMethodAttributes (36ms)
				AfterProcessingInitializeOnLoad (0ms)
				EditorAssembliesLoaded (0ms)
			ExecutionOrderSort2 (0ms)
			AwakeInstancesAfterBackupRestoration (0ms)
Platform modules already initialized, skipping
Registering precompiled user dll's ...
Registered in 0.004876 seconds.
Begin MonoManager ReloadAssembly
Symbol file LoadedFromMemory doesn't match image C:\thKim\UnityProjects\fowRepos\main\fogOfWar\Library\PackageCache\com.unity.visualscripting@1.8.0\Editor\VisualScripting.Core\Dependencies\YamlDotNet\Unity.VisualScripting.YamlDotNet.dll
Symbol file LoadedFromMemory doesn't match image C:\thKim\UnityProjects\fowRepos\main\fogOfWar\Library\PackageCache\com.unity.visualscripting@1.8.0\Editor\VisualScripting.Core\Dependencies\DotNetZip\Unity.VisualScripting.IonicZip.dll
Native extension for WindowsStandalone target not found
Native extension for Android target not found
Refreshing native plugins compatible for Editor in 89.57 ms, found 3 plugins.
Preloading 0 native plugins for Editor in 0.00 ms.
Mono: successfully reloaded assembly
- Completed reload, in  1.040 seconds
Domain Reload Profiling:
	ReloadAssembly (1041ms)
		BeginReloadAssembly (91ms)
			ExecutionOrderSort (0ms)
			DisableScriptedObjects (4ms)
			BackupInstance (0ms)
			ReleaseScriptingObjects (0ms)
			CreateAndSetChildDomain (17ms)
		EndReloadAssembly (869ms)
			LoadAssemblies (72ms)
			RebuildTransferFunctionScriptingTraits (0ms)
			SetupTypeCache (187ms)
			ReleaseScriptCaches (1ms)
			RebuildScriptCaches (45ms)
			SetupLoadedEditorAssemblies (537ms)
				LogAssemblyErrors (0ms)
				InitializePlatformSupportModulesInManaged (13ms)
				SetLoadedEditorAssemblies (0ms)
				RefreshPlugins (90ms)
				BeforeProcessingInitializeOnLoad (78ms)
				ProcessInitializeOnLoadAttributes (293ms)
				ProcessInitializeOnLoadMethodAttributes (57ms)
				AfterProcessingInitializeOnLoad (6ms)
				EditorAssembliesLoaded (0ms)
			ExecutionOrderSort2 (0ms)
			AwakeInstancesAfterBackupRestoration (4ms)
Platform modules already initialized, skipping
========================================================================
Worker process is ready to serve import requests
Launched and connected shader compiler UnityShaderCompiler.exe after 0.06 seconds
Refreshing native plugins compatible for Editor in 1.06 ms, found 3 plugins.
Preloading 0 native plugins for Editor in 0.00 ms.
Unloading 5035 Unused Serialized files (Serialized files now loaded: 0)
Unloading 50 unused Assets / (1.8 MB). Loaded Objects now: 5515.
Memory consumption went from 234.5 MB to 232.7 MB.
Total: 3.163600 ms (FindLiveObjects: 0.349200 ms CreateObjectMapping: 0.153700 ms MarkObjects: 2.345900 ms  DeleteObjects: 0.313400 ms)

AssetImportParameters requested are different than current active one (requested -> active):
  custom:video-decoder-ogg-theora: a1e56fd34408186e4bbccfd4996cb3dc -> 
  custom:container-muxer-webm: aa71ff27fc2769a1b78a27578f13a17b -> 
  custom:container-demuxer-webm: 4f35f7cbe854078d1ac9338744f61a02 -> 
  custom:video-encoder-webm-vp8: eb34c28f22e8b96e1ab97ce403110664 -> 
  custom:audio-encoder-webm-vorbis: bf7c407c2cedff20999df2af8eb42d56 -> 
  custom:framework-win-MediaFoundation: 216162199b28c13a410421893ffa2e32 -> 
  custom:container-demuxer-ogg: 62fdf1f143b41e24485cea50d1cbac27 -> 
  custom:video-decoder-webm-vp8: 9c59270c3fd7afecdb556c50c9e8de78 -> 
  custom:audio-decoder-ogg-vorbis: bf7c407c2cedff20999df2af8eb42d56 -> 
========================================================================
Received Prepare
Registering precompiled user dll's ...
Registered in 0.005609 seconds.
Begin MonoManager ReloadAssembly
Symbol file LoadedFromMemory doesn't match image C:\thKim\UnityProjects\fowRepos\main\fogOfWar\Library\PackageCache\com.unity.visualscripting@1.8.0\Editor\VisualScripting.Core\Dependencies\YamlDotNet\Unity.VisualScripting.YamlDotNet.dll
Symbol file LoadedFromMemory doesn't match image C:\thKim\UnityProjects\fowRepos\main\fogOfWar\Library\PackageCache\com.unity.visualscripting@1.8.0\Editor\VisualScripting.Core\Dependencies\DotNetZip\Unity.VisualScripting.IonicZip.dll
Native extension for WindowsStandalone target not found
Native extension for Android target not found
Refreshing native plugins compatible for Editor in 1.05 ms, found 3 plugins.
Preloading 0 native plugins for Editor in 0.00 ms.
Mono: successfully reloaded assembly
- Completed reload, in  0.903 seconds
Domain Reload Profiling:
	ReloadAssembly (904ms)
		BeginReloadAssembly (114ms)
			ExecutionOrderSort (0ms)
			DisableScriptedObjects (5ms)
			BackupInstance (0ms)
			ReleaseScriptingObjects (0ms)
			CreateAndSetChildDomain (33ms)
		EndReloadAssembly (716ms)
			LoadAssemblies (74ms)
			RebuildTransferFunctionScriptingTraits (0ms)
			SetupTypeCache (195ms)
			ReleaseScriptCaches (2ms)
			RebuildScriptCaches (35ms)
			SetupLoadedEditorAssemblies (373ms)
				LogAssemblyErrors (0ms)
				InitializePlatformSupportModulesInManaged (14ms)
				SetLoadedEditorAssemblies (0ms)
				RefreshPlugins (1ms)
				BeforeProcessingInitializeOnLoad (60ms)
				ProcessInitializeOnLoadAttributes (231ms)
				ProcessInitializeOnLoadMethodAttributes (59ms)
				AfterProcessingInitializeOnLoad (6ms)
				EditorAssembliesLoaded (0ms)
			ExecutionOrderSort2 (0ms)
			AwakeInstancesAfterBackupRestoration (9ms)
Platform modules already initialized, skipping
Refreshing native plugins compatible for Editor in 1.91 ms, found 3 plugins.
Preloading 0 native plugins for Editor in 0.00 ms.
Unloading 4816 Unused Serialized files (Serialized files now loaded: 0)
Unloading 33 unused Assets / (1.8 MB). Loaded Objects now: 5518.
Memory consumption went from 217.7 MB to 216.0 MB.
Total: 3.440700 ms (FindLiveObjects: 0.361800 ms CreateObjectMapping: 0.296400 ms MarkObjects: 2.456500 ms  DeleteObjects: 0.325000 ms)

AssetImportParameters requested are different than current active one (requested -> active):
  custom:video-decoder-ogg-theora: a1e56fd34408186e4bbccfd4996cb3dc -> 
  custom:container-muxer-webm: aa71ff27fc2769a1b78a27578f13a17b -> 
  custom:container-demuxer-webm: 4f35f7cbe854078d1ac9338744f61a02 -> 
  custom:video-encoder-webm-vp8: eb34c28f22e8b96e1ab97ce403110664 -> 
  custom:audio-encoder-webm-vorbis: bf7c407c2cedff20999df2af8eb42d56 -> 
  custom:framework-win-MediaFoundation: 216162199b28c13a410421893ffa2e32 -> 
  custom:container-demuxer-ogg: 62fdf1f143b41e24485cea50d1cbac27 -> 
  custom:video-decoder-webm-vp8: 9c59270c3fd7afecdb556c50c9e8de78 -> 
  custom:audio-decoder-ogg-vorbis: bf7c407c2cedff20999df2af8eb42d56 -> 
========================================================================
Received Prepare
Registering precompiled user dll's ...
Registered in 0.004681 seconds.
Begin MonoManager ReloadAssembly
Symbol file LoadedFromMemory doesn't match image C:\thKim\UnityProjects\fowRepos\main\fogOfWar\Library\PackageCache\com.unity.visualscripting@1.8.0\Editor\VisualScripting.Core\Dependencies\YamlDotNet\Unity.VisualScripting.YamlDotNet.dll
Symbol file LoadedFromMemory doesn't match image C:\thKim\UnityProjects\fowRepos\main\fogOfWar\Library\PackageCache\com.unity.visualscripting@1.8.0\Editor\VisualScripting.Core\Dependencies\DotNetZip\Unity.VisualScripting.IonicZip.dll
Native extension for WindowsStandalone target not found
Native extension for Android target not found
Refreshing native plugins compatible for Editor in 1.59 ms, found 3 plugins.
Preloading 0 native plugins for Editor in 0.00 ms.
Mono: successfully reloaded assembly
- Completed reload, in  0.900 seconds
Domain Reload Profiling:
	ReloadAssembly (900ms)
		BeginReloadAssembly (116ms)
			ExecutionOrderSort (0ms)
			DisableScriptedObjects (6ms)
			BackupInstance (0ms)
			ReleaseScriptingObjects (0ms)
			CreateAndSetChildDomain (33ms)
		EndReloadAssembly (711ms)
			LoadAssemblies (75ms)
			RebuildTransferFunctionScriptingTraits (0ms)
			SetupTypeCache (187ms)
			ReleaseScriptCaches (2ms)
			RebuildScriptCaches (35ms)
			SetupLoadedEditorAssemblies (376ms)
				LogAssemblyErrors (0ms)
				InitializePlatformSupportModulesInManaged (17ms)
				SetLoadedEditorAssemblies (0ms)
				RefreshPlugins (2ms)
				BeforeProcessingInitializeOnLoad (62ms)
				ProcessInitializeOnLoadAttributes (230ms)
				ProcessInitializeOnLoadMethodAttributes (59ms)
				AfterProcessingInitializeOnLoad (7ms)
				EditorAssembliesLoaded (0ms)
			ExecutionOrderSort2 (0ms)
			AwakeInstancesAfterBackupRestoration (9ms)
Platform modules already initialized, skipping
Refreshing native plugins compatible for Editor in 2.71 ms, found 3 plugins.
Preloading 0 native plugins for Editor in 0.00 ms.
Unloading 4816 Unused Serialized files (Serialized files now loaded: 0)
Unloading 33 unused Assets / (1.8 MB). Loaded Objects now: 5521.
Memory consumption went from 217.8 MB to 216.0 MB.
Total: 3.230700 ms (FindLiveObjects: 0.398000 ms CreateObjectMapping: 0.152600 ms MarkObjects: 2.365000 ms  DeleteObjects: 0.314400 ms)

AssetImportParameters requested are different than current active one (requested -> active):
  custom:video-decoder-ogg-theora: a1e56fd34408186e4bbccfd4996cb3dc -> 
  custom:container-muxer-webm: aa71ff27fc2769a1b78a27578f13a17b -> 
  custom:container-demuxer-webm: 4f35f7cbe854078d1ac9338744f61a02 -> 
  custom:video-encoder-webm-vp8: eb34c28f22e8b96e1ab97ce403110664 -> 
  custom:audio-encoder-webm-vorbis: bf7c407c2cedff20999df2af8eb42d56 -> 
  custom:framework-win-MediaFoundation: 216162199b28c13a410421893ffa2e32 -> 
  custom:container-demuxer-ogg: 62fdf1f143b41e24485cea50d1cbac27 -> 
  custom:video-decoder-webm-vp8: 9c59270c3fd7afecdb556c50c9e8de78 -> 
  custom:audio-decoder-ogg-vorbis: bf7c407c2cedff20999df2af8eb42d56 -> 
========================================================================
Received Prepare
Registering precompiled user dll's ...
Registered in 0.004889 seconds.
Begin MonoManager ReloadAssembly
Symbol file LoadedFromMemory doesn't match image C:\thKim\UnityProjects\fowRepos\main\fogOfWar\Library\PackageCache\com.unity.visualscripting@1.8.0\Editor\VisualScripting.Core\Dependencies\YamlDotNet\Unity.VisualScripting.YamlDotNet.dll
Symbol file LoadedFromMemory doesn't match image C:\thKim\UnityProjects\fowRepos\main\fogOfWar\Library\PackageCache\com.unity.visualscripting@1.8.0\Editor\VisualScripting.Core\Dependencies\DotNetZip\Unity.VisualScripting.IonicZip.dll
Native extension for WindowsStandalone target not found
Native extension for Android target not found
Refreshing native plugins compatible for Editor in 1.26 ms, found 3 plugins.
Preloading 0 native plugins for Editor in 0.00 ms.
Mono: successfully reloaded assembly
- Completed reload, in  0.895 seconds
Domain Reload Profiling:
	ReloadAssembly (896ms)
		BeginReloadAssembly (117ms)
			ExecutionOrderSort (0ms)
			DisableScriptedObjects (7ms)
			BackupInstance (0ms)
			ReleaseScriptingObjects (0ms)
			CreateAndSetChildDomain (32ms)
		EndReloadAssembly (703ms)
			LoadAssemblies (76ms)
			RebuildTransferFunctionScriptingTraits (0ms)
			SetupTypeCache (182ms)
			ReleaseScriptCaches (2ms)
			RebuildScriptCaches (34ms)
			SetupLoadedEditorAssemblies (371ms)
				LogAssemblyErrors (0ms)
				InitializePlatformSupportModulesInManaged (14ms)
				SetLoadedEditorAssemblies (0ms)
				RefreshPlugins (1ms)
				BeforeProcessingInitializeOnLoad (65ms)
				ProcessInitializeOnLoadAttributes (228ms)
				ProcessInitializeOnLoadMethodAttributes (57ms)
				AfterProcessingInitializeOnLoad (6ms)
				EditorAssembliesLoaded (0ms)
			ExecutionOrderSort2 (0ms)
			AwakeInstancesAfterBackupRestoration (9ms)
Platform modules already initialized, skipping
Refreshing native plugins compatible for Editor in 2.02 ms, found 3 plugins.
Preloading 0 native plugins for Editor in 0.00 ms.
Unloading 4816 Unused Serialized files (Serialized files now loaded: 0)
Unloading 33 unused Assets / (1.8 MB). Loaded Objects now: 5524.
Memory consumption went from 217.8 MB to 216.0 MB.
Total: 3.663700 ms (FindLiveObjects: 0.329300 ms CreateObjectMapping: 0.246100 ms MarkObjects: 2.722700 ms  DeleteObjects: 0.363900 ms)

AssetImportParameters requested are different than current active one (requested -> active):
  custom:video-decoder-ogg-theora: a1e56fd34408186e4bbccfd4996cb3dc -> 
  custom:container-muxer-webm: aa71ff27fc2769a1b78a27578f13a17b -> 
  custom:container-demuxer-webm: 4f35f7cbe854078d1ac9338744f61a02 -> 
  custom:video-encoder-webm-vp8: eb34c28f22e8b96e1ab97ce403110664 -> 
  custom:audio-encoder-webm-vorbis: bf7c407c2cedff20999df2af8eb42d56 -> 
  custom:framework-win-MediaFoundation: 216162199b28c13a410421893ffa2e32 -> 
  custom:container-demuxer-ogg: 62fdf1f143b41e24485cea50d1cbac27 -> 
  custom:video-decoder-webm-vp8: 9c59270c3fd7afecdb556c50c9e8de78 -> 
  custom:audio-decoder-ogg-vorbis: bf7c407c2cedff20999df2af8eb42d56 -> 
========================================================================
Received Prepare
Registering precompiled user dll's ...
Registered in 0.005529 seconds.
Begin MonoManager ReloadAssembly
Symbol file LoadedFromMemory doesn't match image C:\thKim\UnityProjects\fowRepos\main\fogOfWar\Library\PackageCache\com.unity.visualscripting@1.8.0\Editor\VisualScripting.Core\Dependencies\YamlDotNet\Unity.VisualScripting.YamlDotNet.dll
Symbol file LoadedFromMemory doesn't match image C:\thKim\UnityProjects\fowRepos\main\fogOfWar\Library\PackageCache\com.unity.visualscripting@1.8.0\Editor\VisualScripting.Core\Dependencies\DotNetZip\Unity.VisualScripting.IonicZip.dll
Native extension for WindowsStandalone target not found
Native extension for Android target not found
Refreshing native plugins compatible for Editor in 1.02 ms, found 3 plugins.
Preloading 0 native plugins for Editor in 0.00 ms.
Mono: successfully reloaded assembly
- Completed reload, in  0.885 seconds
Domain Reload Profiling:
	ReloadAssembly (886ms)
		BeginReloadAssembly (112ms)
			ExecutionOrderSort (0ms)
			DisableScriptedObjects (5ms)
			BackupInstance (0ms)
			ReleaseScriptingObjects (0ms)
			CreateAndSetChildDomain (31ms)
		EndReloadAssembly (698ms)
			LoadAssemblies (72ms)
			RebuildTransferFunctionScriptingTraits (0ms)
			SetupTypeCache (191ms)
			ReleaseScriptCaches (2ms)
			RebuildScriptCaches (35ms)
			SetupLoadedEditorAssemblies (365ms)
				LogAssemblyErrors (0ms)
				InitializePlatformSupportModulesInManaged (14ms)
				SetLoadedEditorAssemblies (0ms)
				RefreshPlugins (1ms)
				BeforeProcessingInitializeOnLoad (60ms)
				ProcessInitializeOnLoadAttributes (223ms)
				ProcessInitializeOnLoadMethodAttributes (61ms)
				AfterProcessingInitializeOnLoad (6ms)
				EditorAssembliesLoaded (0ms)
			ExecutionOrderSort2 (0ms)
			AwakeInstancesAfterBackupRestoration (9ms)
Platform modules already initialized, skipping
Refreshing native plugins compatible for Editor in 2.30 ms, found 3 plugins.
Preloading 0 native plugins for Editor in 0.00 ms.
Unloading 4816 Unused Serialized files (Serialized files now loaded: 0)
Unloading 33 unused Assets / (1.8 MB). Loaded Objects now: 5527.
Memory consumption went from 217.8 MB to 216.0 MB.
Total: 3.261000 ms (FindLiveObjects: 0.310700 ms CreateObjectMapping: 0.267400 ms MarkObjects: 2.365600 ms  DeleteObjects: 0.316500 ms)

AssetImportParameters requested are different than current active one (requested -> active):
  custom:video-decoder-ogg-theora: a1e56fd34408186e4bbccfd4996cb3dc -> 
  custom:container-muxer-webm: aa71ff27fc2769a1b78a27578f13a17b -> 
  custom:container-demuxer-webm: 4f35f7cbe854078d1ac9338744f61a02 -> 
  custom:video-encoder-webm-vp8: eb34c28f22e8b96e1ab97ce403110664 -> 
  custom:audio-encoder-webm-vorbis: bf7c407c2cedff20999df2af8eb42d56 -> 
  custom:framework-win-MediaFoundation: 216162199b28c13a410421893ffa2e32 -> 
  custom:container-demuxer-ogg: 62fdf1f143b41e24485cea50d1cbac27 -> 
  custom:video-decoder-webm-vp8: 9c59270c3fd7afecdb556c50c9e8de78 -> 
  custom:audio-decoder-ogg-vorbis: bf7c407c2cedff20999df2af8eb42d56 -> 
========================================================================
Received Prepare
Registering precompiled user dll's ...
Registered in 0.004620 seconds.
Begin MonoManager ReloadAssembly
Symbol file LoadedFromMemory doesn't match image C:\thKim\UnityProjects\fowRepos\main\fogOfWar\Library\PackageCache\com.unity.visualscripting@1.8.0\Editor\VisualScripting.Core\Dependencies\YamlDotNet\Unity.VisualScripting.YamlDotNet.dll
Symbol file LoadedFromMemory doesn't match image C:\thKim\UnityProjects\fowRepos\main\fogOfWar\Library\PackageCache\com.unity.visualscripting@1.8.0\Editor\VisualScripting.Core\Dependencies\DotNetZip\Unity.VisualScripting.IonicZip.dll
Native extension for WindowsStandalone target not found
Native extension for Android target not found
Refreshing native plugins compatible for Editor in 1.06 ms, found 3 plugins.
Preloading 0 native plugins for Editor in 0.00 ms.
Mono: successfully reloaded assembly
- Completed reload, in  0.894 seconds
Domain Reload Profiling:
	ReloadAssembly (894ms)
		BeginReloadAssembly (126ms)
			ExecutionOrderSort (0ms)
			DisableScriptedObjects (5ms)
			BackupInstance (0ms)
			ReleaseScriptingObjects (0ms)
			CreateAndSetChildDomain (37ms)
		EndReloadAssembly (697ms)
			LoadAssemblies (85ms)
			RebuildTransferFunctionScriptingTraits (0ms)
			SetupTypeCache (181ms)
			ReleaseScriptCaches (2ms)
			RebuildScriptCaches (34ms)
			SetupLoadedEditorAssemblies (369ms)
				LogAssemblyErrors (0ms)
				InitializePlatformSupportModulesInManaged (14ms)
				SetLoadedEditorAssemblies (0ms)
				RefreshPlugins (1ms)
				BeforeProcessingInitializeOnLoad (59ms)
				ProcessInitializeOnLoadAttributes (230ms)
				ProcessInitializeOnLoadMethodAttributes (57ms)
				AfterProcessingInitializeOnLoad (6ms)
				EditorAssembliesLoaded (0ms)
			ExecutionOrderSort2 (0ms)
			AwakeInstancesAfterBackupRestoration (9ms)
Platform modules already initialized, skipping
Refreshing native plugins compatible for Editor in 3.13 ms, found 3 plugins.
Preloading 0 native plugins for Editor in 0.00 ms.
Unloading 4816 Unused Serialized files (Serialized files now loaded: 0)
Unloading 33 unused Assets / (1.8 MB). Loaded Objects now: 5530.
Memory consumption went from 217.6 MB to 215.8 MB.
Total: 3.467400 ms (FindLiveObjects: 0.335000 ms CreateObjectMapping: 0.303900 ms MarkObjects: 2.487200 ms  DeleteObjects: 0.340400 ms)

AssetImportParameters requested are different than current active one (requested -> active):
  custom:video-decoder-ogg-theora: a1e56fd34408186e4bbccfd4996cb3dc -> 
  custom:container-muxer-webm: aa71ff27fc2769a1b78a27578f13a17b -> 
  custom:container-demuxer-webm: 4f35f7cbe854078d1ac9338744f61a02 -> 
  custom:video-encoder-webm-vp8: eb34c28f22e8b96e1ab97ce403110664 -> 
  custom:audio-encoder-webm-vorbis: bf7c407c2cedff20999df2af8eb42d56 -> 
  custom:framework-win-MediaFoundation: 216162199b28c13a410421893ffa2e32 -> 
  custom:container-demuxer-ogg: 62fdf1f143b41e24485cea50d1cbac27 -> 
  custom:video-decoder-webm-vp8: 9c59270c3fd7afecdb556c50c9e8de78 -> 
  custom:audio-decoder-ogg-vorbis: bf7c407c2cedff20999df2af8eb42d56 -> 
========================================================================
Received Prepare
Registering precompiled user dll's ...
Registered in 0.004478 seconds.
Begin MonoManager ReloadAssembly
Symbol file LoadedFromMemory doesn't match image C:\thKim\UnityProjects\fowRepos\main\fogOfWar\Library\PackageCache\com.unity.visualscripting@1.8.0\Editor\VisualScripting.Core\Dependencies\YamlDotNet\Unity.VisualScripting.YamlDotNet.dll
Symbol file LoadedFromMemory doesn't match image C:\thKim\UnityProjects\fowRepos\main\fogOfWar\Library\PackageCache\com.unity.visualscripting@1.8.0\Editor\VisualScripting.Core\Dependencies\DotNetZip\Unity.VisualScripting.IonicZip.dll
Native extension for WindowsStandalone target not found
Native extension for Android target not found
Refreshing native plugins compatible for Editor in 1.03 ms, found 3 plugins.
Preloading 0 native plugins for Editor in 0.00 ms.
Mono: successfully reloaded assembly
- Completed reload, in  0.894 seconds
Domain Reload Profiling:
	ReloadAssembly (894ms)
		BeginReloadAssembly (109ms)
			ExecutionOrderSort (0ms)
			DisableScriptedObjects (5ms)
			BackupInstance (0ms)
			ReleaseScriptingObjects (0ms)
			CreateAndSetChildDomain (29ms)
		EndReloadAssembly (714ms)
			LoadAssemblies (72ms)
			RebuildTransferFunctionScriptingTraits (0ms)
			SetupTypeCache (200ms)
			ReleaseScriptCaches (2ms)
			RebuildScriptCaches (37ms)
			SetupLoadedEditorAssemblies (367ms)
				LogAssemblyErrors (0ms)
				InitializePlatformSupportModulesInManaged (14ms)
				SetLoadedEditorAssemblies (0ms)
				RefreshPlugins (1ms)
				BeforeProcessingInitializeOnLoad (58ms)
				ProcessInitializeOnLoadAttributes (225ms)
				ProcessInitializeOnLoadMethodAttributes (62ms)
				AfterProcessingInitializeOnLoad (7ms)
				EditorAssembliesLoaded (0ms)
			ExecutionOrderSort2 (0ms)
			AwakeInstancesAfterBackupRestoration (9ms)
Platform modules already initialized, skipping
Refreshing native plugins compatible for Editor in 2.07 ms, found 3 plugins.
Preloading 0 native plugins for Editor in 0.00 ms.
Unloading 4816 Unused Serialized files (Serialized files now loaded: 0)
Unloading 33 unused Assets / (1.8 MB). Loaded Objects now: 5533.
Memory consumption went from 217.8 MB to 216.0 MB.
Total: 3.299800 ms (FindLiveObjects: 0.324100 ms CreateObjectMapping: 0.281900 ms MarkObjects: 2.377100 ms  DeleteObjects: 0.315900 ms)

AssetImportParameters requested are different than current active one (requested -> active):
  custom:video-decoder-ogg-theora: a1e56fd34408186e4bbccfd4996cb3dc -> 
  custom:container-muxer-webm: aa71ff27fc2769a1b78a27578f13a17b -> 
  custom:container-demuxer-webm: 4f35f7cbe854078d1ac9338744f61a02 -> 
  custom:video-encoder-webm-vp8: eb34c28f22e8b96e1ab97ce403110664 -> 
  custom:audio-encoder-webm-vorbis: bf7c407c2cedff20999df2af8eb42d56 -> 
  custom:framework-win-MediaFoundation: 216162199b28c13a410421893ffa2e32 -> 
  custom:container-demuxer-ogg: 62fdf1f143b41e24485cea50d1cbac27 -> 
  custom:video-decoder-webm-vp8: 9c59270c3fd7afecdb556c50c9e8de78 -> 
  custom:audio-decoder-ogg-vorbis: bf7c407c2cedff20999df2af8eb42d56 -> 
========================================================================
Received Prepare
Registering precompiled user dll's ...
Registered in 0.004472 seconds.
Begin MonoManager ReloadAssembly
Symbol file LoadedFromMemory doesn't match image C:\thKim\UnityProjects\fowRepos\main\fogOfWar\Library\PackageCache\com.unity.visualscripting@1.8.0\Editor\VisualScripting.Core\Dependencies\YamlDotNet\Unity.VisualScripting.YamlDotNet.dll
Symbol file LoadedFromMemory doesn't match image C:\thKim\UnityProjects\fowRepos\main\fogOfWar\Library\PackageCache\com.unity.visualscripting@1.8.0\Editor\VisualScripting.Core\Dependencies\DotNetZip\Unity.VisualScripting.IonicZip.dll
Native extension for WindowsStandalone target not found
Native extension for Android target not found
Refreshing native plugins compatible for Editor in 1.14 ms, found 3 plugins.
Preloading 0 native plugins for Editor in 0.00 ms.
Mono: successfully reloaded assembly
- Completed reload, in  1.063 seconds
Domain Reload Profiling:
	ReloadAssembly (1063ms)
		BeginReloadAssembly (199ms)
			ExecutionOrderSort (0ms)
			DisableScriptedObjects (5ms)
			BackupInstance (0ms)
			ReleaseScriptingObjects (0ms)
			CreateAndSetChildDomain (33ms)
		EndReloadAssembly (750ms)
			LoadAssemblies (158ms)
			RebuildTransferFunctionScriptingTraits (0ms)
			SetupTypeCache (225ms)
			ReleaseScriptCaches (2ms)
			RebuildScriptCaches (34ms)
			SetupLoadedEditorAssemblies (361ms)
				LogAssemblyErrors (0ms)
				InitializePlatformSupportModulesInManaged (16ms)
				SetLoadedEditorAssemblies (0ms)
				RefreshPlugins (1ms)
				BeforeProcessingInitializeOnLoad (60ms)
				ProcessInitializeOnLoadAttributes (218ms)
				ProcessInitializeOnLoadMethodAttributes (60ms)
				AfterProcessingInitializeOnLoad (6ms)
				EditorAssembliesLoaded (0ms)
			ExecutionOrderSort2 (0ms)
			AwakeInstancesAfterBackupRestoration (9ms)
Platform modules already initialized, skipping
Switching render pipeline 0e0b8c1ca30b89a44a448c0194e74617 -> 00000000000000000000000000000000
Refreshing native plugins compatible for Editor in 2.21 ms, found 3 plugins.
Preloading 0 native plugins for Editor in 0.00 ms.
Unloading 4816 Unused Serialized files (Serialized files now loaded: 0)
Unloading 82 unused Assets / (1.8 MB). Loaded Objects now: 5487.
Memory consumption went from 217.8 MB to 216.0 MB.
Total: 4.162700 ms (FindLiveObjects: 0.366700 ms CreateObjectMapping: 0.323500 ms MarkObjects: 2.641800 ms  DeleteObjects: 0.829600 ms)

AssetImportParameters requested are different than current active one (requested -> active):
  custom:video-decoder-ogg-theora: a1e56fd34408186e4bbccfd4996cb3dc -> 
  custom:container-muxer-webm: aa71ff27fc2769a1b78a27578f13a17b -> 
  custom:container-demuxer-webm: 4f35f7cbe854078d1ac9338744f61a02 -> 
  custom:video-encoder-webm-vp8: eb34c28f22e8b96e1ab97ce403110664 -> 
  custom:audio-encoder-webm-vorbis: bf7c407c2cedff20999df2af8eb42d56 -> 
  custom:framework-win-MediaFoundation: 216162199b28c13a410421893ffa2e32 -> 
  custom:container-demuxer-ogg: 62fdf1f143b41e24485cea50d1cbac27 -> 
  custom:video-decoder-webm-vp8: 9c59270c3fd7afecdb556c50c9e8de78 -> 
  custom:audio-decoder-ogg-vorbis: bf7c407c2cedff20999df2af8eb42d56 -> 
========================================================================
Received Prepare
Registering precompiled user dll's ...
Registered in 0.005454 seconds.
Begin MonoManager ReloadAssembly
Symbol file LoadedFromMemory doesn't match image C:\thKim\UnityProjects\fowRepos\main\fogOfWar\Library\PackageCache\com.unity.visualscripting@1.8.0\Editor\VisualScripting.Core\Dependencies\YamlDotNet\Unity.VisualScripting.YamlDotNet.dll
Symbol file LoadedFromMemory doesn't match image C:\thKim\UnityProjects\fowRepos\main\fogOfWar\Library\PackageCache\com.unity.visualscripting@1.8.0\Editor\VisualScripting.Core\Dependencies\DotNetZip\Unity.VisualScripting.IonicZip.dll
Native extension for WindowsStandalone target not found
Native extension for Android target not found
Refreshing native plugins compatible for Editor in 1.60 ms, found 3 plugins.
Preloading 0 native plugins for Editor in 0.00 ms.
Mono: successfully reloaded assembly
- Completed reload, in  0.907 seconds
Domain Reload Profiling:
	ReloadAssembly (908ms)
		BeginReloadAssembly (114ms)
			ExecutionOrderSort (0ms)
			DisableScriptedObjects (5ms)
			BackupInstance (0ms)
			ReleaseScriptingObjects (0ms)
			CreateAndSetChildDomain (32ms)
		EndReloadAssembly (721ms)
			LoadAssemblies (78ms)
			RebuildTransferFunctionScriptingTraits (0ms)
			SetupTypeCache (186ms)
			ReleaseScriptCaches (2ms)
			RebuildScriptCaches (37ms)
			SetupLoadedEditorAssemblies (389ms)
				LogAssemblyErrors (0ms)
				InitializePlatformSupportModulesInManaged (19ms)
				SetLoadedEditorAssemblies (0ms)
				RefreshPlugins (2ms)
				BeforeProcessingInitializeOnLoad (65ms)
				ProcessInitializeOnLoadAttributes (239ms)
				ProcessInitializeOnLoadMethodAttributes (59ms)
				AfterProcessingInitializeOnLoad (6ms)
				EditorAssembliesLoaded (0ms)
			ExecutionOrderSort2 (0ms)
			AwakeInstancesAfterBackupRestoration (5ms)
Platform modules already initialized, skipping
Switching render pipeline 0e0b8c1ca30b89a44a448c0194e74617 -> 00000000000000000000000000000000
Refreshing native plugins compatible for Editor in 2.01 ms, found 3 plugins.
Preloading 0 native plugins for Editor in 0.00 ms.
Unloading 4864 Unused Serialized files (Serialized files now loaded: 0)
Unloading 82 unused Assets / (1.8 MB). Loaded Objects now: 5490.
Memory consumption went from 219.4 MB to 217.7 MB.
Total: 3.806100 ms (FindLiveObjects: 0.356800 ms CreateObjectMapping: 0.290300 ms MarkObjects: 2.363000 ms  DeleteObjects: 0.795000 ms)

AssetImportParameters requested are different than current active one (requested -> active):
  custom:video-decoder-ogg-theora: a1e56fd34408186e4bbccfd4996cb3dc -> 
  custom:container-muxer-webm: aa71ff27fc2769a1b78a27578f13a17b -> 
  custom:container-demuxer-webm: 4f35f7cbe854078d1ac9338744f61a02 -> 
  custom:video-encoder-webm-vp8: eb34c28f22e8b96e1ab97ce403110664 -> 
  custom:audio-encoder-webm-vorbis: bf7c407c2cedff20999df2af8eb42d56 -> 
  custom:framework-win-MediaFoundation: 216162199b28c13a410421893ffa2e32 -> 
  custom:container-demuxer-ogg: 62fdf1f143b41e24485cea50d1cbac27 -> 
  custom:video-decoder-webm-vp8: 9c59270c3fd7afecdb556c50c9e8de78 -> 
  custom:audio-decoder-ogg-vorbis: bf7c407c2cedff20999df2af8eb42d56 -> 
========================================================================
Received Prepare
Refreshing native plugins compatible for Editor in 3.78 ms, found 3 plugins.
Preloading 0 native plugins for Editor in 0.00 ms.
Unloading 81 Unused Serialized files (Serialized files now loaded: 0)
Unloading 33 unused Assets / (1.8 MB). Loaded Objects now: 5539.
Memory consumption went from 121.6 MB to 119.8 MB.
Total: 3.319300 ms (FindLiveObjects: 0.343500 ms CreateObjectMapping: 0.275500 ms MarkObjects: 2.345000 ms  DeleteObjects: 0.354600 ms)

AssetImportParameters requested are different than current active one (requested -> active):
  custom:video-decoder-ogg-theora: a1e56fd34408186e4bbccfd4996cb3dc -> 
  custom:container-muxer-webm: aa71ff27fc2769a1b78a27578f13a17b -> 
  custom:container-demuxer-webm: 4f35f7cbe854078d1ac9338744f61a02 -> 
  custom:video-encoder-webm-vp8: eb34c28f22e8b96e1ab97ce403110664 -> 
  custom:audio-encoder-webm-vorbis: bf7c407c2cedff20999df2af8eb42d56 -> 
  custom:framework-win-MediaFoundation: 216162199b28c13a410421893ffa2e32 -> 
  custom:container-demuxer-ogg: 62fdf1f143b41e24485cea50d1cbac27 -> 
  custom:video-decoder-webm-vp8: 9c59270c3fd7afecdb556c50c9e8de78 -> 
  custom:audio-decoder-ogg-vorbis: bf7c407c2cedff20999df2af8eb42d56 -> 
========================================================================
Received Prepare
Registering precompiled user dll's ...
Registered in 0.004594 seconds.
Begin MonoManager ReloadAssembly
Symbol file LoadedFromMemory doesn't match image C:\thKim\UnityProjects\fowRepos\main\fogOfWar\Library\PackageCache\com.unity.visualscripting@1.8.0\Editor\VisualScripting.Core\Dependencies\YamlDotNet\Unity.VisualScripting.YamlDotNet.dll
Symbol file LoadedFromMemory doesn't match image C:\thKim\UnityProjects\fowRepos\main\fogOfWar\Library\PackageCache\com.unity.visualscripting@1.8.0\Editor\VisualScripting.Core\Dependencies\DotNetZip\Unity.VisualScripting.IonicZip.dll
Native extension for WindowsStandalone target not found
Native extension for Android target not found
Refreshing native plugins compatible for Editor in 0.99 ms, found 3 plugins.
Preloading 0 native plugins for Editor in 0.00 ms.
Mono: successfully reloaded assembly
- Completed reload, in  0.885 seconds
Domain Reload Profiling:
	ReloadAssembly (886ms)
		BeginReloadAssembly (109ms)
			ExecutionOrderSort (0ms)
			DisableScriptedObjects (5ms)
			BackupInstance (0ms)
			ReleaseScriptingObjects (0ms)
			CreateAndSetChildDomain (30ms)
		EndReloadAssembly (704ms)
			LoadAssemblies (74ms)
			RebuildTransferFunctionScriptingTraits (0ms)
			SetupTypeCache (188ms)
			ReleaseScriptCaches (2ms)
			RebuildScriptCaches (36ms)
			SetupLoadedEditorAssemblies (368ms)
				LogAssemblyErrors (0ms)
				InitializePlatformSupportModulesInManaged (14ms)
				SetLoadedEditorAssemblies (0ms)
				RefreshPlugins (1ms)
				BeforeProcessingInitializeOnLoad (60ms)
				ProcessInitializeOnLoadAttributes (225ms)
				ProcessInitializeOnLoadMethodAttributes (62ms)
				AfterProcessingInitializeOnLoad (6ms)
				EditorAssembliesLoaded (0ms)
			ExecutionOrderSort2 (0ms)
			AwakeInstancesAfterBackupRestoration (9ms)
Platform modules already initialized, skipping
Refreshing native plugins compatible for Editor in 2.10 ms, found 3 plugins.
Preloading 0 native plugins for Editor in 0.00 ms.
Unloading 4816 Unused Serialized files (Serialized files now loaded: 0)
Unloading 33 unused Assets / (1.8 MB). Loaded Objects now: 5542.
Memory consumption went from 217.9 MB to 216.1 MB.
Total: 3.362300 ms (FindLiveObjects: 0.339700 ms CreateObjectMapping: 0.293300 ms MarkObjects: 2.381500 ms  DeleteObjects: 0.346300 ms)

AssetImportParameters requested are different than current active one (requested -> active):
  custom:video-decoder-ogg-theora: a1e56fd34408186e4bbccfd4996cb3dc -> 
  custom:container-muxer-webm: aa71ff27fc2769a1b78a27578f13a17b -> 
  custom:container-demuxer-webm: 4f35f7cbe854078d1ac9338744f61a02 -> 
  custom:video-encoder-webm-vp8: eb34c28f22e8b96e1ab97ce403110664 -> 
  custom:audio-encoder-webm-vorbis: bf7c407c2cedff20999df2af8eb42d56 -> 
  custom:framework-win-MediaFoundation: 216162199b28c13a410421893ffa2e32 -> 
  custom:container-demuxer-ogg: 62fdf1f143b41e24485cea50d1cbac27 -> 
  custom:video-decoder-webm-vp8: 9c59270c3fd7afecdb556c50c9e8de78 -> 
  custom:audio-decoder-ogg-vorbis: bf7c407c2cedff20999df2af8eb42d56 -> 
========================================================================
Received Import Request.
  Time since last request: 87704.836456 seconds.
  path: Assets/New/Materials/a/CookieBlur.mat
  artifactKey: Guid(563443105eec085409ac047e622aeb97) Importer(815301076,1909f56bfc062723c751e8b465ee728b)
Start importing Assets/New/Materials/a/CookieBlur.mat using Guid(563443105eec085409ac047e622aeb97) Importer(815301076,1909f56bfc062723c751e8b465ee728b)  -> (artifact id: '5409f386dcedb756f84daffae9d7e97a') in 0.225576 seconds 
========================================================================
Received Import Request.
  Time since last request: 269.451314 seconds.
  path: Assets/New/02.Map/00.Alley/00.Mesh/Alley #1854448.obj
  artifactKey: Guid(383e69372441f2349a1e478643dbf094) Importer(815301076,1909f56bfc062723c751e8b465ee728b)
Start importing Assets/New/02.Map/00.Alley/00.Mesh/Alley #1854448.obj using Guid(383e69372441f2349a1e478643dbf094) Importer(815301076,1909f56bfc062723c751e8b465ee728b)  -> (artifact id: 'effbf0deedb7917f9d378f17403806b5') in 0.095707 seconds 
========================================================================
Received Import Request.
  Time since last request: 0.000031 seconds.
  path: Assets/New/02.Map/00.Alley/00.Mesh/Alley_OBJ_refrigerator_05_Re.obj
  artifactKey: Guid(73ce2c0bb68a64c489be8b8ce2693aa4) Importer(815301076,1909f56bfc062723c751e8b465ee728b)
Start importing Assets/New/02.Map/00.Alley/00.Mesh/Alley_OBJ_refrigerator_05_Re.obj using Guid(73ce2c0bb68a64c489be8b8ce2693aa4) Importer(815301076,1909f56bfc062723c751e8b465ee728b)  -> (artifact id: '447547e7e7eb26aff8cb89a90e7bd473') in 0.046431 seconds 
========================================================================
Received Import Request.
  Time since last request: 0.000060 seconds.
  path: Assets/New/02.Map/00.Alley/00.Mesh/Alley_STR_House_01_Side_01.obj
  artifactKey: Guid(b72d3017fff356145bf97c8d802b6688) Importer(815301076,1909f56bfc062723c751e8b465ee728b)
Start importing Assets/New/02.Map/00.Alley/00.Mesh/Alley_STR_House_01_Side_01.obj using Guid(b72d3017fff356145bf97c8d802b6688) Importer(815301076,1909f56bfc062723c751e8b465ee728b)  -> (artifact id: '3f0c5735d7af3221035a382dc1041124') in 0.034815 seconds 
========================================================================
Received Import Request.
  Time since last request: 0.000019 seconds.
  path: Assets/New/02.Map/00.Alley/00.Mesh/Alley_OBJ_refrigerator_03_Door_01_Re.obj
  artifactKey: Guid(c446b82fa290fbd44838881598d80f66) Importer(815301076,1909f56bfc062723c751e8b465ee728b)
Start importing Assets/New/02.Map/00.Alley/00.Mesh/Alley_OBJ_refrigerator_03_Door_01_Re.obj using Guid(c446b82fa290fbd44838881598d80f66) Importer(815301076,1909f56bfc062723c751e8b465ee728b)  -> (artifact id: '25d124c46458d825f4d70bbe48aaf53e') in 0.036856 seconds 
========================================================================
Received Import Request.
  Time since last request: 0.000022 seconds.
  path: Assets/New/02.Map/00.Alley/00.Mesh/Alley_OBJ_refrigerator_02_Re.obj
  artifactKey: Guid(d37d22634ed711e4495f0664d65f268f) Importer(815301076,1909f56bfc062723c751e8b465ee728b)
Start importing Assets/New/02.Map/00.Alley/00.Mesh/Alley_OBJ_refrigerator_02_Re.obj using Guid(d37d22634ed711e4495f0664d65f268f) Importer(815301076,1909f56bfc062723c751e8b465ee728b)  -> (artifact id: '0ec9ba646f95f7ed899d4fb7bac1156c') in 0.023808 seconds 
========================================================================
Received Import Request.
  Time since last request: 0.000030 seconds.
  path: Assets/New/02.Map/00.Alley/00.Mesh/Alley_OBJ_Level_Set_05_mesh.obj
  artifactKey: Guid(4b9b1cd79ae03fd49aab3eefaef6540a) Importer(815301076,1909f56bfc062723c751e8b465ee728b)
Start importing Assets/New/02.Map/00.Alley/00.Mesh/Alley_OBJ_Level_Set_05_mesh.obj using Guid(4b9b1cd79ae03fd49aab3eefaef6540a) Importer(815301076,1909f56bfc062723c751e8b465ee728b)  -> (artifact id: 'fd8e3e526e2d3c63a7d9310b65806ff8') in 0.023218 seconds 
========================================================================
Received Import Request.
  Time since last request: 0.000025 seconds.
  path: Assets/New/02.Map/00.Alley/00.Mesh/Alley_OBJ_Counter_Deco_02_Re.obj
  artifactKey: Guid(3fe9e4341f8861945b92d4ba1d4869ff) Importer(815301076,1909f56bfc062723c751e8b465ee728b)
Start importing Assets/New/02.Map/00.Alley/00.Mesh/Alley_OBJ_Counter_Deco_02_Re.obj using Guid(3fe9e4341f8861945b92d4ba1d4869ff) Importer(815301076,1909f56bfc062723c751e8b465ee728b)  -> (artifact id: '9baaf4e88662799c685367dae14ac2a9') in 0.022729 seconds 
========================================================================
Received Import Request.
  Time since last request: 0.000028 seconds.
  path: Assets/New/02.Map/00.Alley/00.Mesh/Alley_STR_Bridge_01.obj
  artifactKey: Guid(7670c2c53f5d3dd498f2ee98d468ba23) Importer(815301076,1909f56bfc062723c751e8b465ee728b)
Start importing Assets/New/02.Map/00.Alley/00.Mesh/Alley_STR_Bridge_01.obj using Guid(7670c2c53f5d3dd498f2ee98d468ba23) Importer(815301076,1909f56bfc062723c751e8b465ee728b)  -> (artifact id: 'a8245f8dc7a8e5d51e101ce3f661b44b') in 0.035309 seconds 
========================================================================
Received Import Request.
  Time since last request: 0.000023 seconds.
  path: Assets/New/02.Map/00.Alley/00.Mesh/Alley_OBJ_Level_Set_02_mesh.obj
  artifactKey: Guid(e8063a2c14c71cc4dac4a1131e919722) Importer(815301076,1909f56bfc062723c751e8b465ee728b)
Start importing Assets/New/02.Map/00.Alley/00.Mesh/Alley_OBJ_Level_Set_02_mesh.obj using Guid(e8063a2c14c71cc4dac4a1131e919722) Importer(815301076,1909f56bfc062723c751e8b465ee728b)  -> (artifact id: 'e71ed007ac94a2589bf7bc251db20c62') in 0.032138 seconds 
========================================================================
Received Import Request.
  Time since last request: 0.000036 seconds.
  path: Assets/New/02.Map/00.Alley/00.Mesh/Alley_OBJ_refrigerator_03_Door_02_Re.obj
  artifactKey: Guid(57b27b2f9af890345b09026c41062c93) Importer(815301076,1909f56bfc062723c751e8b465ee728b)
Start importing Assets/New/02.Map/00.Alley/00.Mesh/Alley_OBJ_refrigerator_03_Door_02_Re.obj using Guid(57b27b2f9af890345b09026c41062c93) Importer(815301076,1909f56bfc062723c751e8b465ee728b)  -> (artifact id: 'e1af2e015646dbad5ce7526e4a8cece6') in 0.031712 seconds 
========================================================================
Received Import Request.
  Time since last request: 0.000024 seconds.
  path: Assets/New/02.Map/00.Alley/00.Mesh/Alley_STR_Base_Tunnel_Re.obj
  artifactKey: Guid(c0d79133a988494469d14cac1280e52e) Importer(815301076,1909f56bfc062723c751e8b465ee728b)
Start importing Assets/New/02.Map/00.Alley/00.Mesh/Alley_STR_Base_Tunnel_Re.obj using Guid(c0d79133a988494469d14cac1280e52e) Importer(815301076,1909f56bfc062723c751e8b465ee728b)  -> (artifact id: 'f1c0c7565d18552929bf6a984d28b92e') in 0.035068 seconds 
========================================================================
Received Import Request.
  Time since last request: 0.000024 seconds.
  path: Assets/New/02.Map/00.Alley/00.Mesh/Alley_STR_House_01_Side_02.obj
  artifactKey: Guid(5ef60413ecb2a29468eee6dbae59c15c) Importer(815301076,1909f56bfc062723c751e8b465ee728b)
Start importing Assets/New/02.Map/00.Alley/00.Mesh/Alley_STR_House_01_Side_02.obj using Guid(5ef60413ecb2a29468eee6dbae59c15c) Importer(815301076,1909f56bfc062723c751e8b465ee728b)  -> (artifact id: '869720cbb94f2e8e62db3c454d733fd3') in 0.028894 seconds 
========================================================================
Received Import Request.
  Time since last request: 0.000020 seconds.
  path: Assets/New/02.Map/00.Alley/00.Mesh/Alley_OBJ_Level_Set_03_mesh.obj
  artifactKey: Guid(a5b844edbcf9f424a96440b54992ec07) Importer(815301076,1909f56bfc062723c751e8b465ee728b)
Start importing Assets/New/02.Map/00.Alley/00.Mesh/Alley_OBJ_Level_Set_03_mesh.obj using Guid(a5b844edbcf9f424a96440b54992ec07) Importer(815301076,1909f56bfc062723c751e8b465ee728b)  -> (artifact id: 'bcd43658978637220a7b248781b947a1') in 0.031487 seconds 
========================================================================
Received Import Request.
  Time since last request: 0.000022 seconds.
  path: Assets/New/02.Map/00.Alley/00.Mesh/Alley_OBJ_Safety_Barrier_01_Bend_Re.obj
  artifactKey: Guid(186ad6854337a2d4aa64f00f43c0d27b) Importer(815301076,1909f56bfc062723c751e8b465ee728b)
Start importing Assets/New/02.Map/00.Alley/00.Mesh/Alley_OBJ_Safety_Barrier_01_Bend_Re.obj using Guid(186ad6854337a2d4aa64f00f43c0d27b) Importer(815301076,1909f56bfc062723c751e8b465ee728b)  -> (artifact id: '255cd89b6f635e8aa3b51c071280108b') in 0.022030 seconds 
========================================================================
Received Import Request.
  Time since last request: 0.000022 seconds.
  path: Assets/New/02.Map/00.Alley/00.Mesh/Alley_OBJ_Set_05_mesh.obj
  artifactKey: Guid(9481e22b307ab4e42b3dd324cc19b621) Importer(815301076,1909f56bfc062723c751e8b465ee728b)
Start importing Assets/New/02.Map/00.Alley/00.Mesh/Alley_OBJ_Set_05_mesh.obj using Guid(9481e22b307ab4e42b3dd324cc19b621) Importer(815301076,1909f56bfc062723c751e8b465ee728b)  -> (artifact id: '47aeec6fd316eca87b12d8dddccf1fcc') in 0.023415 seconds 
========================================================================
Received Import Request.
  Time since last request: 0.000038 seconds.
  path: Assets/New/02.Map/00.Alley/00.Mesh/Alley_OBJ_Set_01_mesh.obj
  artifactKey: Guid(bba93fd63c980f94bb6b0183117ec122) Importer(815301076,1909f56bfc062723c751e8b465ee728b)
Start importing Assets/New/02.Map/00.Alley/00.Mesh/Alley_OBJ_Set_01_mesh.obj using Guid(bba93fd63c980f94bb6b0183117ec122) Importer(815301076,1909f56bfc062723c751e8b465ee728b)  -> (artifact id: '8b87be16fa29a49832a40e1cda4f6fc6') in 0.021742 seconds 
========================================================================
Received Import Request.
  Time since last request: 0.000030 seconds.
  path: Assets/New/02.Map/00.Alley/00.Mesh/Alley_STR_House_01_Fence.obj
  artifactKey: Guid(581b65cda07f4ff4fbbd72f23410e0d7) Importer(815301076,1909f56bfc062723c751e8b465ee728b)
Start importing Assets/New/02.Map/00.Alley/00.Mesh/Alley_STR_House_01_Fence.obj using Guid(581b65cda07f4ff4fbbd72f23410e0d7) Importer(815301076,1909f56bfc062723c751e8b465ee728b)  -> (artifact id: '8c3de9548832bf55b2271f26b96a6aa9') in 0.023631 seconds 
========================================================================
Received Import Request.
  Time since last request: 0.000026 seconds.
  path: Assets/New/02.Map/00.Alley/00.Mesh/Alley_OBJ_WireFence_01_S.obj
  artifactKey: Guid(ec8ac407531de3c4aafb3d57c34c872d) Importer(815301076,1909f56bfc062723c751e8b465ee728b)
Start importing Assets/New/02.Map/00.Alley/00.Mesh/Alley_OBJ_WireFence_01_S.obj using Guid(ec8ac407531de3c4aafb3d57c34c872d) Importer(815301076,1909f56bfc062723c751e8b465ee728b)  -> (artifact id: 'd8acbe72ad6db58a7713ac67fc5d63bf') in 0.023400 seconds 
========================================================================
Received Import Request.
  Time since last request: 0.000025 seconds.
  path: Assets/New/02.Map/00.Alley/00.Mesh/Alley_OBJ_WireFence_01_L.obj
  artifactKey: Guid(044d3d58f82145f46a5401ec603a4313) Importer(815301076,1909f56bfc062723c751e8b465ee728b)
Start importing Assets/New/02.Map/00.Alley/00.Mesh/Alley_OBJ_WireFence_01_L.obj using Guid(044d3d58f82145f46a5401ec603a4313) Importer(815301076,1909f56bfc062723c751e8b465ee728b)  -> (artifact id: '9a8ba1fb72e7f66eadd66c623f5f63d1') in 0.024649 seconds 
========================================================================
Received Import Request.
  Time since last request: 0.000027 seconds.
  path: Assets/New/02.Map/00.Alley/00.Mesh/Alley_STR_Bridge_01 #793119.obj
  artifactKey: Guid(7ddc02cae94933749b47c82e8f60aa7f) Importer(815301076,1909f56bfc062723c751e8b465ee728b)
Start importing Assets/New/02.Map/00.Alley/00.Mesh/Alley_STR_Bridge_01 #793119.obj using Guid(7ddc02cae94933749b47c82e8f60aa7f) Importer(815301076,1909f56bfc062723c751e8b465ee728b)  -> (artifact id: 'a686dbb37d7b5b64d97a47842296eab3') in 0.041729 seconds 
========================================================================
Received Import Request.
  Time since last request: 0.000024 seconds.
  path: Assets/New/02.Map/00.Alley/00.Mesh/Alley_OBJ_Counter_Deco_01_Re.obj
  artifactKey: Guid(f127fe7352cc1344ebae835968877c6a) Importer(815301076,1909f56bfc062723c751e8b465ee728b)
Start importing Assets/New/02.Map/00.Alley/00.Mesh/Alley_OBJ_Counter_Deco_01_Re.obj using Guid(f127fe7352cc1344ebae835968877c6a) Importer(815301076,1909f56bfc062723c751e8b465ee728b)  -> (artifact id: 'b29caec2a6d9808ca25f90c21987df6c') in 0.022503 seconds 
========================================================================
Received Import Request.
  Time since last request: 0.000023 seconds.
  path: Assets/New/02.Map/00.Alley/00.Mesh/Alley_OBJ_Set_02_mesh.obj
  artifactKey: Guid(ad30216b9e2993940ad2fb8352f28e3c) Importer(815301076,1909f56bfc062723c751e8b465ee728b)
Start importing Assets/New/02.Map/00.Alley/00.Mesh/Alley_OBJ_Set_02_mesh.obj using Guid(ad30216b9e2993940ad2fb8352f28e3c) Importer(815301076,1909f56bfc062723c751e8b465ee728b)  -> (artifact id: '177d3f9537a3d8c3b3a666dbd95a0eb5') in 0.025788 seconds 
========================================================================
Received Import Request.
  Time since last request: 0.000022 seconds.
  path: Assets/New/02.Map/00.Alley/00.Mesh/Alley_OBJ_WireFence_02_SLeg.obj
  artifactKey: Guid(b20579454773f6b4a96f8977c4f9994d) Importer(815301076,1909f56bfc062723c751e8b465ee728b)
Start importing Assets/New/02.Map/00.Alley/00.Mesh/Alley_OBJ_WireFence_02_SLeg.obj using Guid(b20579454773f6b4a96f8977c4f9994d) Importer(815301076,1909f56bfc062723c751e8b465ee728b)  -> (artifact id: '8c90d9d1aba213983efe0d04de1fa997') in 0.022929 seconds 
========================================================================
Received Import Request.
  Time since last request: 0.000030 seconds.
  path: Assets/New/02.Map/00.Alley/00.Mesh/Alley_OBJ_Set_04_mesh.obj
  artifactKey: Guid(b7a5165b724f230478287f1369d00393) Importer(815301076,1909f56bfc062723c751e8b465ee728b)
Start importing Assets/New/02.Map/00.Alley/00.Mesh/Alley_OBJ_Set_04_mesh.obj using Guid(b7a5165b724f230478287f1369d00393) Importer(815301076,1909f56bfc062723c751e8b465ee728b)  -> (artifact id: '690b4ba15d69add0a9d3612e229edbf9') in 0.022616 seconds 
========================================================================
Received Import Request.
  Time since last request: 0.000034 seconds.
  path: Assets/New/02.Map/00.Alley/00.Mesh/Alley_OBJ_refrigerator_03_Re.obj
  artifactKey: Guid(3da89dba8a7d7bd409c46bdd7eda6126) Importer(815301076,1909f56bfc062723c751e8b465ee728b)
Start importing Assets/New/02.Map/00.Alley/00.Mesh/Alley_OBJ_refrigerator_03_Re.obj using Guid(3da89dba8a7d7bd409c46bdd7eda6126) Importer(815301076,1909f56bfc062723c751e8b465ee728b)  -> (artifact id: '1735cf7a814f244c2d26037a80cb7d62') in 0.021838 seconds 
========================================================================
Received Import Request.
  Time since last request: 0.000035 seconds.
  path: Assets/New/02.Map/00.Alley/00.Mesh/Alley_OBJ_Set_03_mesh.obj
  artifactKey: Guid(03c7181a43239e343a98261377accf5a) Importer(815301076,1909f56bfc062723c751e8b465ee728b)
Start importing Assets/New/02.Map/00.Alley/00.Mesh/Alley_OBJ_Set_03_mesh.obj using Guid(03c7181a43239e343a98261377accf5a) Importer(815301076,1909f56bfc062723c751e8b465ee728b)  -> (artifact id: 'c685a97bf3fa93ea7796b9611a18da00') in 0.022065 seconds 
========================================================================
Received Import Request.
  Time since last request: 0.000021 seconds.
  path: Assets/New/02.Map/00.Alley/00.Mesh/Alley_STR_Ditch #793118.obj
  artifactKey: Guid(36b8b106a8edca44a95ddcc4a8cf4aa1) Importer(815301076,1909f56bfc062723c751e8b465ee728b)
Start importing Assets/New/02.Map/00.Alley/00.Mesh/Alley_STR_Ditch #793118.obj using Guid(36b8b106a8edca44a95ddcc4a8cf4aa1) Importer(815301076,1909f56bfc062723c751e8b465ee728b)  -> (artifact id: '03984354a2881246e86cb11c8ce73c3d') in 0.023435 seconds 
========================================================================
Received Import Request.
  Time since last request: 0.000038 seconds.
  path: Assets/New/02.Map/00.Alley/00.Mesh/Alley_OBJ_ManHole_03 #793267.obj
  artifactKey: Guid(2b8d786f0551eb7409b0747baeba8349) Importer(815301076,1909f56bfc062723c751e8b465ee728b)
Start importing Assets/New/02.Map/00.Alley/00.Mesh/Alley_OBJ_ManHole_03 #793267.obj using Guid(2b8d786f0551eb7409b0747baeba8349) Importer(815301076,1909f56bfc062723c751e8b465ee728b)  -> (artifact id: '010950caef67b7280bb4326a6be340c4') in 0.020023 seconds 
========================================================================
Received Import Request.
  Time since last request: 0.000025 seconds.
  path: Assets/New/02.Map/00.Alley/00.Mesh/Alley_STR_House_01_Roof.obj
  artifactKey: Guid(b749be103c66aa54da26dee3cf142aff) Importer(815301076,1909f56bfc062723c751e8b465ee728b)
Start importing Assets/New/02.Map/00.Alley/00.Mesh/Alley_STR_House_01_Roof.obj using Guid(b749be103c66aa54da26dee3cf142aff) Importer(815301076,1909f56bfc062723c751e8b465ee728b)  -> (artifact id: '9d54db030a2ef3e519c47ded37bf4651') in 0.035623 seconds 
========================================================================
Received Import Request.
  Time since last request: 0.000022 seconds.
  path: Assets/New/02.Map/00.AaMaterials/Alley_OBJ_Table_Set.mat
  artifactKey: Guid(1337e97e4b5345c49ab4dee1fbe292bb) Importer(815301076,1909f56bfc062723c751e8b465ee728b)
Start importing Assets/New/02.Map/00.AaMaterials/Alley_OBJ_Table_Set.mat using Guid(1337e97e4b5345c49ab4dee1fbe292bb) Importer(815301076,1909f56bfc062723c751e8b465ee728b)  -> (artifact id: '04314916eb68005c3e308c33310deed4') in 0.016144 seconds 
========================================================================
Received Import Request.
  Time since last request: 0.000024 seconds.
  path: Assets/New/02.Map/00.Alley/00.Mesh/Alley_STR_Base.obj
  artifactKey: Guid(3c906f9c6b14f994e839fa4efbb4f2ef) Importer(815301076,1909f56bfc062723c751e8b465ee728b)
Start importing Assets/New/02.Map/00.Alley/00.Mesh/Alley_STR_Base.obj using Guid(3c906f9c6b14f994e839fa4efbb4f2ef) Importer(815301076,1909f56bfc062723c751e8b465ee728b)  -> (artifact id: '71aad7328408e53aa9f6825335a68cc0') in 0.172909 seconds 
========================================================================
Received Import Request.
  Time since last request: 0.447282 seconds.
  path: Packages/com.unity.render-pipelines.core/Runtime/Debugging/Prefabs/Widgets/DebugUIButton.prefab
  artifactKey: Guid(f6ce33b91f6ffe54cadacbf4bb112440) Importer(815301076,1909f56bfc062723c751e8b465ee728b)
Start importing Packages/com.unity.render-pipelines.core/Runtime/Debugging/Prefabs/Widgets/DebugUIButton.prefab using Guid(f6ce33b91f6ffe54cadacbf4bb112440) Importer(815301076,1909f56bfc062723c751e8b465ee728b)  -> (artifact id: '39d0cafef5005585b4c4490d9ad0b785') in 0.016895 seconds 
========================================================================
Received Import Request.
  Time since last request: 0.000023 seconds.
  path: Packages/com.unity.render-pipelines.core/Runtime/Debugging/Prefabs/Widgets/DebugUIEnumHistory.prefab
  artifactKey: Guid(b2da6b27df236b144b3516ed8e7d36ac) Importer(815301076,1909f56bfc062723c751e8b465ee728b)
Start importing Packages/com.unity.render-pipelines.core/Runtime/Debugging/Prefabs/Widgets/DebugUIEnumHistory.prefab using Guid(b2da6b27df236b144b3516ed8e7d36ac) Importer(815301076,1909f56bfc062723c751e8b465ee728b)  -> (artifact id: '66fad981114129ad13d12e977a66dba0') in 0.008682 seconds 
========================================================================
Received Import Request.
  Time since last request: 0.000019 seconds.
  path: Packages/com.unity.render-pipelines.core/Runtime/Debugging/Prefabs/Widgets/DebugUIGroup.prefab
  artifactKey: Guid(38a07789c9e87004dad98c2909f58369) Importer(815301076,1909f56bfc062723c751e8b465ee728b)
Start importing Packages/com.unity.render-pipelines.core/Runtime/Debugging/Prefabs/Widgets/DebugUIGroup.prefab using Guid(38a07789c9e87004dad98c2909f58369) Importer(815301076,1909f56bfc062723c751e8b465ee728b)  -> (artifact id: '9fdc68cbf77f469d5fe97cc4fa929abf') in 0.008454 seconds 
========================================================================
Received Import Request.
  Time since last request: 0.000019 seconds.
  path: Packages/com.unity.render-pipelines.core/Runtime/Debugging/Prefabs/Widgets/DebugUIMessageBox.prefab
  artifactKey: Guid(10a25524b0986f9488b430e2829bbbe8) Importer(815301076,1909f56bfc062723c751e8b465ee728b)
Start importing Packages/com.unity.render-pipelines.core/Runtime/Debugging/Prefabs/Widgets/DebugUIMessageBox.prefab using Guid(10a25524b0986f9488b430e2829bbbe8) Importer(815301076,1909f56bfc062723c751e8b465ee728b)  -> (artifact id: 'fe156aad4dad0425cbbca9e0dc733e99') in 0.007018 seconds 
========================================================================
Received Import Request.
  Time since last request: 0.000020 seconds.
  path: Packages/com.unity.render-pipelines.core/Runtime/Debugging/Prefabs/Widgets/DebugUIRow.prefab
  artifactKey: Guid(2d019437ff89b8d44949727731cd9357) Importer(815301076,1909f56bfc062723c751e8b465ee728b)
Start importing Packages/com.unity.render-pipelines.core/Runtime/Debugging/Prefabs/Widgets/DebugUIRow.prefab using Guid(2d019437ff89b8d44949727731cd9357) Importer(815301076,1909f56bfc062723c751e8b465ee728b)  -> (artifact id: 'c8817e3c5dce7538e27e15e48abe8e01') in 0.019715 seconds 
========================================================================
Received Import Request.
  Time since last request: 0.000023 seconds.
  path: Packages/com.unity.render-pipelines.core/Runtime/Debugging/Prefabs/Widgets/DebugUIToggleHistory.prefab
  artifactKey: Guid(5088d0220f0c4df439cf06c5c270eacb) Importer(815301076,1909f56bfc062723c751e8b465ee728b)
Start importing Packages/com.unity.render-pipelines.core/Runtime/Debugging/Prefabs/Widgets/DebugUIToggleHistory.prefab using Guid(5088d0220f0c4df439cf06c5c270eacb) Importer(815301076,1909f56bfc062723c751e8b465ee728b)  -> (artifact id: 'f3ff570102841d5b5c41b117d7ac0fdd') in 0.010095 seconds 
========================================================================
Received Import Request.
  Time since last request: 0.000022 seconds.
  path: Packages/com.unity.render-pipelines.core/Runtime/Debugging/Prefabs/Widgets/DebugUIPanel.prefab
  artifactKey: Guid(daa46a58178a6ad41ae1ddc2dc7f856d) Importer(815301076,1909f56bfc062723c751e8b465ee728b)
Start importing Packages/com.unity.render-pipelines.core/Runtime/Debugging/Prefabs/Widgets/DebugUIPanel.prefab using Guid(daa46a58178a6ad41ae1ddc2dc7f856d) Importer(815301076,1909f56bfc062723c751e8b465ee728b)  -> (artifact id: '76589e297e0b9fecf168e222d6cd7ab8') in 0.013318 seconds 
========================================================================
Received Import Request.
  Time since last request: 0.000026 seconds.
  path: Packages/com.unity.render-pipelines.core/Runtime/Debugging/Prefabs/Widgets/DebugUIUIntField.prefab
  artifactKey: Guid(f22bcc84a5f4a1944b075a2c4ac71493) Importer(815301076,1909f56bfc062723c751e8b465ee728b)
Start importing Packages/com.unity.render-pipelines.core/Runtime/Debugging/Prefabs/Widgets/DebugUIUIntField.prefab using Guid(f22bcc84a5f4a1944b075a2c4ac71493) Importer(815301076,1909f56bfc062723c751e8b465ee728b)  -> (artifact id: 'ef32968b558bcfbb4e40b74d60ad9caf') in 0.009501 seconds 
========================================================================
Received Import Request.
  Time since last request: 0.000022 seconds.
  path: Packages/com.unity.render-pipelines.core/Runtime/Debugging/Prefabs/Widgets/DebugUIVector2.prefab
  artifactKey: Guid(326f7c58aed965d41bf7805a782d1e44) Importer(815301076,1909f56bfc062723c751e8b465ee728b)
Start importing Packages/com.unity.render-pipelines.core/Runtime/Debugging/Prefabs/Widgets/DebugUIVector2.prefab using Guid(326f7c58aed965d41bf7805a782d1e44) Importer(815301076,1909f56bfc062723c751e8b465ee728b)  -> (artifact id: 'f36a8d332d21acd14251c09035f835a0') in 0.009859 seconds 
========================================================================
Received Import Request.
  Time since last request: 0.000022 seconds.
  path: Packages/com.unity.render-pipelines.core/Runtime/Debugging/Prefabs/Resources/DebugUIPersistentCanvas.prefab
  artifactKey: Guid(f6b1a0fe75d5009449cf55ae76220e2b) Importer(815301076,1909f56bfc062723c751e8b465ee728b)
Start importing Packages/com.unity.render-pipelines.core/Runtime/Debugging/Prefabs/Resources/DebugUIPersistentCanvas.prefab using Guid(f6b1a0fe75d5009449cf55ae76220e2b) Importer(815301076,1909f56bfc062723c751e8b465ee728b)  -> (artifact id: 'de9975b387e221f32b9d4240a36a9268') in 0.012372 seconds 
========================================================================
Received Import Request.
  Time since last request: 0.000031 seconds.
  path: Packages/com.unity.render-pipelines.core/Runtime/Debugging/Prefabs/Widgets/DebugUIHBox.prefab
  artifactKey: Guid(f7f5e36797cf0c1408561665c67b179b) Importer(815301076,1909f56bfc062723c751e8b465ee728b)
Start importing Packages/com.unity.render-pipelines.core/Runtime/Debugging/Prefabs/Widgets/DebugUIHBox.prefab using Guid(f7f5e36797cf0c1408561665c67b179b) Importer(815301076,1909f56bfc062723c751e8b465ee728b)  -> (artifact id: '04b0f0ec75bc20a8545b4eace3256fe3') in 0.009217 seconds 
========================================================================
Received Import Request.
  Time since last request: 0.000039 seconds.
  path: Packages/com.unity.render-pipelines.core/Runtime/Debugging/Prefabs/Widgets/DebugUIValue.prefab
  artifactKey: Guid(dc0f88987826e6e48b1fe9c7c2b53a53) Importer(815301076,1909f56bfc062723c751e8b465ee728b)
Start importing Packages/com.unity.render-pipelines.core/Runtime/Debugging/Prefabs/Widgets/DebugUIValue.prefab using Guid(dc0f88987826e6e48b1fe9c7c2b53a53) Importer(815301076,1909f56bfc062723c751e8b465ee728b)  -> (artifact id: '210d5d2cf5e5d88693861989c39a2049') in 0.008915 seconds 
========================================================================
Received Import Request.
  Time since last request: 0.000030 seconds.
  path: Packages/com.unity.render-pipelines.core/Runtime/Debugging/Prefabs/Widgets/DebugUIIntField.prefab
  artifactKey: Guid(ae00bb75e0cd5b04b8fe7fb4ab662629) Importer(815301076,1909f56bfc062723c751e8b465ee728b)
Start importing Packages/com.unity.render-pipelines.core/Runtime/Debugging/Prefabs/Widgets/DebugUIIntField.prefab using Guid(ae00bb75e0cd5b04b8fe7fb4ab662629) Importer(815301076,1909f56bfc062723c751e8b465ee728b)  -> (artifact id: '77920283c4e17b7b0e1c2c1b56f4b883') in 0.008854 seconds 
========================================================================
Received Import Request.
  Time since last request: 0.000024 seconds.
  path: Packages/com.unity.render-pipelines.core/Runtime/Debugging/Prefabs/Widgets/DebugUIVBox.prefab
  artifactKey: Guid(ca3e294656861a64b8aeeb9f916da0a9) Importer(815301076,1909f56bfc062723c751e8b465ee728b)
Start importing Packages/com.unity.render-pipelines.core/Runtime/Debugging/Prefabs/Widgets/DebugUIVBox.prefab using Guid(ca3e294656861a64b8aeeb9f916da0a9) Importer(815301076,1909f56bfc062723c751e8b465ee728b)  -> (artifact id: '991308b670611285af8136bd50dd916a') in 0.008435 seconds 
========================================================================
Received Import Request.
  Time since last request: 0.000023 seconds.
  path: Packages/com.unity.render-pipelines.core/Runtime/Debugging/Prefabs/Resources/DebugUICanvas.prefab
  artifactKey: Guid(cf6cbdd672089a84796e55a21fed1cbe) Importer(815301076,1909f56bfc062723c751e8b465ee728b)
Start importing Packages/com.unity.render-pipelines.core/Runtime/Debugging/Prefabs/Resources/DebugUICanvas.prefab using Guid(cf6cbdd672089a84796e55a21fed1cbe) Importer(815301076,1909f56bfc062723c751e8b465ee728b)  -> (artifact id: '2dc6942b645d019d2072a376595a005d') in 0.028585 seconds 
Editor requested this worker to shutdown with reason: Scaling down because of idle timeout
AssetImportWorker is now disconnected from the server
Process exiting
Exiting without the bug reporter. Application will terminate with return code 0