Using pre-set license
Built from '2021.3/staging' branch; Version is '2021.3.22f1 (b6c551784ba3) revision 11978065'; Using compiler version '192829333'; Build Type 'Release'
OS: 'Windows 10  (10.0.19045) 64bit Professional' Language: 'ko' Physical Memory: 16171 MB
BatchMode: 1, IsHumanControllingUs: 0, StartBugReporterOnCrash: 0, Is64bit: 1, IsPro: 1

COMMAND LINE ARGUMENTS:
C:\Program Files\Unity\Hub\Editor\2021.3.22f1\Editor\Unity.exe
-adb2
-batchMode
-noUpm
-name
AssetImportWorker3
-projectPath
C:/thKim/UnityProjects/fowRepos/main/fogOfWar
-logFile
Logs/AssetImportWorker3.log
-srvPort
52343
Successfully changed project path to: C:/thKim/UnityProjects/fowRepos/main/fogOfWar
C:/thKim/UnityProjects/fowRepos/main/fogOfWar
[UnityMemory] Configuration Parameters - Can be set up in boot.config
    "memorysetup-bucket-allocator-granularity=16"
    "memorysetup-bucket-allocator-bucket-count=8"
    "memorysetup-bucket-allocator-block-size=33554432"
    "memorysetup-bucket-allocator-block-count=8"
    "memorysetup-main-allocator-block-size=16777216"
    "memorysetup-thread-allocator-block-size=16777216"
    "memorysetup-gfx-main-allocator-block-size=16777216"
    "memorysetup-gfx-thread-allocator-block-size=16777216"
    "memorysetup-cache-allocator-block-size=4194304"
    "memorysetup-typetree-allocator-block-size=2097152"
    "memorysetup-profiler-bucket-allocator-granularity=16"
    "memorysetup-profiler-bucket-allocator-bucket-count=8"
    "memorysetup-profiler-bucket-allocator-block-size=33554432"
    "memorysetup-profiler-bucket-allocator-block-count=8"
    "memorysetup-profiler-allocator-block-size=16777216"
    "memorysetup-profiler-editor-allocator-block-size=1048576"
    "memorysetup-temp-allocator-size-main=16777216"
    "memorysetup-job-temp-allocator-block-size=2097152"
    "memorysetup-job-temp-allocator-block-size-background=1048576"
    "memorysetup-job-temp-allocator-reduction-small-platforms=262144"
    "memorysetup-temp-allocator-size-background-worker=32768"
    "memorysetup-temp-allocator-size-job-worker=262144"
    "memorysetup-temp-allocator-size-preload-manager=33554432"
    "memorysetup-temp-allocator-size-nav-mesh-worker=65536"
    "memorysetup-temp-allocator-size-audio-worker=65536"
    "memorysetup-temp-allocator-size-cloud-worker=32768"
    "memorysetup-temp-allocator-size-gi-baking-worker=262144"
    "memorysetup-temp-allocator-size-gfx=262144"
Player connection [19872] Host "[IP] 192.168.0.137 [Port] 0 [Flags] 2 [Guid] 3451306022 [EditorId] 3451306022 [Version] 1048832 [Id] WindowsEditor(7,DESKTOP-052EG82) [Debug] 1 [PackageName] WindowsEditor [ProjectName] Editor" joined multi-casting on [225.0.0.222:54997]...

Player connection [19872] Host "[IP] 192.168.0.137 [Port] 0 [Flags] 2 [Guid] 3451306022 [EditorId] 3451306022 [Version] 1048832 [Id] WindowsEditor(7,DESKTOP-052EG82) [Debug] 1 [PackageName] WindowsEditor [ProjectName] Editor" joined alternative multi-casting on [225.0.0.222:34997]...

Refreshing native plugins compatible for Editor in 92.63 ms, found 3 plugins.
Preloading 0 native plugins for Editor in 0.00 ms.
Initialize engine version: 2021.3.22f1 (b6c551784ba3)
[Subsystems] Discovering subsystems at path C:/Program Files/Unity/Hub/Editor/2021.3.22f1/Editor/Data/Resources/UnitySubsystems
[Subsystems] Discovering subsystems at path C:/thKim/UnityProjects/fowRepos/main/fogOfWar/Assets
GfxDevice: creating device client; threaded=0; jobified=0
Direct3D:
    Version:  Direct3D 11.0 [level 11.1]
    Renderer: AMD Radeon RX 6500 XT (ID=0x743f)
    Vendor:   ATI
    VRAM:     4051 MB
    Driver:   30.0.14023.3004
Initialize mono
Mono path[0] = 'C:/Program Files/Unity/Hub/Editor/2021.3.22f1/Editor/Data/Managed'
Mono path[1] = 'C:/Program Files/Unity/Hub/Editor/2021.3.22f1/Editor/Data/MonoBleedingEdge/lib/mono/unityjit-win32'
Mono config path = 'C:/Program Files/Unity/Hub/Editor/2021.3.22f1/Editor/Data/MonoBleedingEdge/etc'
Using monoOptions --debugger-agent=transport=dt_socket,embedding=1,server=y,suspend=n,address=127.0.0.1:56308
Begin MonoManager ReloadAssembly
Registering precompiled unity dll's ...
Register platform support module: C:/Program Files/Unity/Hub/Editor/2021.3.22f1/Editor/Data/PlaybackEngines/AndroidPlayer/UnityEditor.Android.Extensions.dll
Register platform support module: C:/Program Files/Unity/Hub/Editor/2021.3.22f1/Editor/Data/PlaybackEngines/WindowsStandaloneSupport/UnityEditor.WindowsStandalone.Extensions.dll
Registered in 0.005749 seconds.
Native extension for WindowsStandalone target not found
Native extension for Android target not found
Android Extension - Scanning For ADB Devices 206 ms
Refreshing native plugins compatible for Editor in 86.67 ms, found 3 plugins.
Preloading 0 native plugins for Editor in 0.00 ms.
Mono: successfully reloaded assembly
- Completed reload, in  0.740 seconds
Domain Reload Profiling:
	ReloadAssembly (740ms)
		BeginReloadAssembly (67ms)
			ExecutionOrderSort (0ms)
			DisableScriptedObjects (0ms)
			BackupInstance (0ms)
			ReleaseScriptingObjects (0ms)
			CreateAndSetChildDomain (1ms)
		EndReloadAssembly (595ms)
			LoadAssemblies (65ms)
			RebuildTransferFunctionScriptingTraits (0ms)
			SetupTypeCache (81ms)
			ReleaseScriptCaches (0ms)
			RebuildScriptCaches (20ms)
			SetupLoadedEditorAssemblies (452ms)
				LogAssemblyErrors (0ms)
				InitializePlatformSupportModulesInManaged (259ms)
				SetLoadedEditorAssemblies (0ms)
				RefreshPlugins (87ms)
				BeforeProcessingInitializeOnLoad (1ms)
				ProcessInitializeOnLoadAttributes (70ms)
				ProcessInitializeOnLoadMethodAttributes (35ms)
				AfterProcessingInitializeOnLoad (0ms)
				EditorAssembliesLoaded (0ms)
			ExecutionOrderSort2 (0ms)
			AwakeInstancesAfterBackupRestoration (0ms)
Platform modules already initialized, skipping
Registering precompiled user dll's ...
Registered in 0.004729 seconds.
Begin MonoManager ReloadAssembly
Symbol file LoadedFromMemory doesn't match image C:\thKim\UnityProjects\fowRepos\main\fogOfWar\Library\PackageCache\com.unity.visualscripting@1.8.0\Editor\VisualScripting.Core\Dependencies\YamlDotNet\Unity.VisualScripting.YamlDotNet.dll
Symbol file LoadedFromMemory doesn't match image C:\thKim\UnityProjects\fowRepos\main\fogOfWar\Library\PackageCache\com.unity.visualscripting@1.8.0\Editor\VisualScripting.Core\Dependencies\DotNetZip\Unity.VisualScripting.IonicZip.dll
Native extension for WindowsStandalone target not found
Native extension for Android target not found
Refreshing native plugins compatible for Editor in 89.23 ms, found 3 plugins.
Preloading 0 native plugins for Editor in 0.00 ms.
Mono: successfully reloaded assembly
- Completed reload, in  0.983 seconds
Domain Reload Profiling:
	ReloadAssembly (984ms)
		BeginReloadAssembly (89ms)
			ExecutionOrderSort (0ms)
			DisableScriptedObjects (5ms)
			BackupInstance (0ms)
			ReleaseScriptingObjects (0ms)
			CreateAndSetChildDomain (17ms)
		EndReloadAssembly (813ms)
			LoadAssemblies (71ms)
			RebuildTransferFunctionScriptingTraits (0ms)
			SetupTypeCache (193ms)
			ReleaseScriptCaches (1ms)
			RebuildScriptCaches (43ms)
			SetupLoadedEditorAssemblies (476ms)
				LogAssemblyErrors (0ms)
				InitializePlatformSupportModulesInManaged (12ms)
				SetLoadedEditorAssemblies (0ms)
				RefreshPlugins (89ms)
				BeforeProcessingInitializeOnLoad (77ms)
				ProcessInitializeOnLoadAttributes (235ms)
				ProcessInitializeOnLoadMethodAttributes (54ms)
				AfterProcessingInitializeOnLoad (7ms)
				EditorAssembliesLoaded (0ms)
			ExecutionOrderSort2 (0ms)
			AwakeInstancesAfterBackupRestoration (4ms)
Platform modules already initialized, skipping
========================================================================
Worker process is ready to serve import requests
Launched and connected shader compiler UnityShaderCompiler.exe after 0.03 seconds
Refreshing native plugins compatible for Editor in 1.14 ms, found 3 plugins.
Preloading 0 native plugins for Editor in 0.00 ms.
Unloading 5033 Unused Serialized files (Serialized files now loaded: 0)
Unloading 50 unused Assets / (1.8 MB). Loaded Objects now: 5513.
Memory consumption went from 233.8 MB to 232.0 MB.
Total: 3.297300 ms (FindLiveObjects: 0.346300 ms CreateObjectMapping: 0.138400 ms MarkObjects: 2.455700 ms  DeleteObjects: 0.356000 ms)

AssetImportParameters requested are different than current active one (requested -> active):
  custom:video-decoder-ogg-theora: a1e56fd34408186e4bbccfd4996cb3dc -> 
  custom:container-muxer-webm: aa71ff27fc2769a1b78a27578f13a17b -> 
  custom:container-demuxer-webm: 4f35f7cbe854078d1ac9338744f61a02 -> 
  custom:video-encoder-webm-vp8: eb34c28f22e8b96e1ab97ce403110664 -> 
  custom:audio-encoder-webm-vorbis: bf7c407c2cedff20999df2af8eb42d56 -> 
  custom:framework-win-MediaFoundation: 216162199b28c13a410421893ffa2e32 -> 
  custom:container-demuxer-ogg: 62fdf1f143b41e24485cea50d1cbac27 -> 
  custom:video-decoder-webm-vp8: 9c59270c3fd7afecdb556c50c9e8de78 -> 
  custom:audio-decoder-ogg-vorbis: bf7c407c2cedff20999df2af8eb42d56 -> 
========================================================================
Received Import Request.
  Time since last request: 74223.428558 seconds.
  path: Packages/com.unity.terrain-tools/Shaders/NoiseLib/Strata/Billow.hlsl
  artifactKey: Guid(9cba8ab2aa61a3249be761abf66fad35) Importer(815301076,1909f56bfc062723c751e8b465ee728b)
Start importing Packages/com.unity.terrain-tools/Shaders/NoiseLib/Strata/Billow.hlsl using Guid(9cba8ab2aa61a3249be761abf66fad35) Importer(815301076,1909f56bfc062723c751e8b465ee728b)  -> (artifact id: '93ed8e758d660715dc6032f60efe607e') in 0.032605 seconds 
========================================================================
Received Import Request.
  Time since last request: 0.000034 seconds.
  path: Packages/com.unity.terrain-tools/Shaders/Visualization/URP/URP_TerrainVisualizationLitPass.hlsl
  artifactKey: Guid(c5a0e4c0b1f77a341aaad50d473026be) Importer(815301076,1909f56bfc062723c751e8b465ee728b)
Start importing Packages/com.unity.terrain-tools/Shaders/Visualization/URP/URP_TerrainVisualizationLitPass.hlsl using Guid(c5a0e4c0b1f77a341aaad50d473026be) Importer(815301076,1909f56bfc062723c751e8b465ee728b)  -> (artifact id: '1c870599956d4126d4335e1b153217e5') in 0.009498 seconds 
========================================================================
Received Import Request.
  Time since last request: 0.000019 seconds.
  path: Packages/com.unity.terrain-tools/Shaders/NoiseLib/Strata/Value.hlsl
  artifactKey: Guid(ed9e1976df83b9047bc9163163e1eec5) Importer(815301076,1909f56bfc062723c751e8b465ee728b)
Start importing Packages/com.unity.terrain-tools/Shaders/NoiseLib/Strata/Value.hlsl using Guid(ed9e1976df83b9047bc9163163e1eec5) Importer(815301076,1909f56bfc062723c751e8b465ee728b)  -> (artifact id: '51af78ef87f81788623776aae14c3f02') in 0.010297 seconds 
========================================================================
Received Import Request.
  Time since last request: 0.000026 seconds.
  path: Packages/com.unity.terrain-tools/Shaders/Visualization/URP/URP_TerrainVisualizationInput.hlsl
  artifactKey: Guid(27d728ce86cab02489e23a6808639e56) Importer(815301076,1909f56bfc062723c751e8b465ee728b)
Start importing Packages/com.unity.terrain-tools/Shaders/Visualization/URP/URP_TerrainVisualizationInput.hlsl using Guid(27d728ce86cab02489e23a6808639e56) Importer(815301076,1909f56bfc062723c751e8b465ee728b)  -> (artifact id: '23c6a6aa62f5f827109a113c0227e34e') in 0.009853 seconds 
========================================================================
Received Import Request.
  Time since last request: 0.000025 seconds.
  path: Packages/com.unity.textmeshpro/Editor Resources/Shaders/TMP_Properties.cginc
  artifactKey: Guid(3c6c403084eacec478a1129ce20061ea) Importer(815301076,1909f56bfc062723c751e8b465ee728b)
Start importing Packages/com.unity.textmeshpro/Editor Resources/Shaders/TMP_Properties.cginc using Guid(3c6c403084eacec478a1129ce20061ea) Importer(815301076,1909f56bfc062723c751e8b465ee728b)  -> (artifact id: '2fc845a4f857fa7dc2c0e157a59e7398') in 0.012240 seconds 
========================================================================
Received Import Request.
  Time since last request: 0.000018 seconds.
  path: Assets/Old/Standard Assets/Effects/ImageEffects/Shaders/frag_ao.cginc
  artifactKey: Guid(51ae11a5cd82fda468a85179946d672a) Importer(815301076,1909f56bfc062723c751e8b465ee728b)
Start importing Assets/Old/Standard Assets/Effects/ImageEffects/Shaders/frag_ao.cginc using Guid(51ae11a5cd82fda468a85179946d672a) Importer(815301076,1909f56bfc062723c751e8b465ee728b)  -> (artifact id: 'cd66f23717c2010a5fd118c9c4b7962b') in 0.009906 seconds 
========================================================================
Received Import Request.
  Time since last request: 0.000040 seconds.
  path: Packages/com.unity.terrain-tools/Shaders/NoiseLib/Fbm/Perlin.hlsl
  artifactKey: Guid(854c9385d0b37af48a27c1cbd2224e97) Importer(815301076,1909f56bfc062723c751e8b465ee728b)
Start importing Packages/com.unity.terrain-tools/Shaders/NoiseLib/Fbm/Perlin.hlsl using Guid(854c9385d0b37af48a27c1cbd2224e97) Importer(815301076,1909f56bfc062723c751e8b465ee728b)  -> (artifact id: '11e490afc2ada56aa12cc1844ef8110b') in 0.002105 seconds 
========================================================================
Received Import Request.
  Time since last request: 0.000018 seconds.
  path: Packages/com.unity.terrain-tools/Shaders/Visualization/HDRP/HDRP_TerrainVisualizationData.hlsl
  artifactKey: Guid(0f3f3952dad0b974b9ea8814f95e4692) Importer(815301076,1909f56bfc062723c751e8b465ee728b)
Start importing Packages/com.unity.terrain-tools/Shaders/Visualization/HDRP/HDRP_TerrainVisualizationData.hlsl using Guid(0f3f3952dad0b974b9ea8814f95e4692) Importer(815301076,1909f56bfc062723c751e8b465ee728b)  -> (artifact id: 'e158843835169d6f043331b537ddf205') in 0.010350 seconds 
========================================================================
Received Import Request.
  Time since last request: 0.000018 seconds.
  path: Packages/com.unity.terrain-tools/Shaders/NoiseLib/Fbm/Value.hlsl
  artifactKey: Guid(93127f9e6c5e13c4388ab9137aa6619f) Importer(815301076,1909f56bfc062723c751e8b465ee728b)
Start importing Packages/com.unity.terrain-tools/Shaders/NoiseLib/Fbm/Value.hlsl using Guid(93127f9e6c5e13c4388ab9137aa6619f) Importer(815301076,1909f56bfc062723c751e8b465ee728b)  -> (artifact id: '46f4c23a43e71215481050ba90ce12aa') in 0.002101 seconds 
========================================================================
Received Import Request.
  Time since last request: 0.000019 seconds.
  path: Packages/com.unity.terrain-tools/Shaders/NoiseLib/Implementation/VoronoiImpl.hlsl
  artifactKey: Guid(4fdaaa56ac37a304ba5d00e7385ed283) Importer(815301076,1909f56bfc062723c751e8b465ee728b)
Start importing Packages/com.unity.terrain-tools/Shaders/NoiseLib/Implementation/VoronoiImpl.hlsl using Guid(4fdaaa56ac37a304ba5d00e7385ed283) Importer(815301076,1909f56bfc062723c751e8b465ee728b)  -> (artifact id: '7c4629ead1647d07fec280f75fe59cf9') in 0.011435 seconds 
========================================================================
Received Import Request.
  Time since last request: 0.000018 seconds.
  path: Packages/com.unity.terrain-tools/Shaders/NoiseLib/Strata/Ridge.hlsl
  artifactKey: Guid(30bd1fa0ff2fb2c42b7ea2614165abc2) Importer(815301076,1909f56bfc062723c751e8b465ee728b)
Start importing Packages/com.unity.terrain-tools/Shaders/NoiseLib/Strata/Ridge.hlsl using Guid(30bd1fa0ff2fb2c42b7ea2614165abc2) Importer(815301076,1909f56bfc062723c751e8b465ee728b)  -> (artifact id: '1d92183a341b78ee492876e081bf786b') in 0.002036 seconds 
========================================================================
Received Import Request.
  Time since last request: 0.000020 seconds.
  path: Packages/com.unity.terrain-tools/Shaders/NoiseLib/None/Voronoi.hlsl
  artifactKey: Guid(a16cbbfb38602eb488ad7bb5806fa1b8) Importer(815301076,1909f56bfc062723c751e8b465ee728b)
Start importing Packages/com.unity.terrain-tools/Shaders/NoiseLib/None/Voronoi.hlsl using Guid(a16cbbfb38602eb488ad7bb5806fa1b8) Importer(815301076,1909f56bfc062723c751e8b465ee728b)  -> (artifact id: 'a502c037ca5453198aad48e433641954') in 0.002256 seconds 
========================================================================
Received Import Request.
  Time since last request: 0.000021 seconds.
  path: Packages/com.unity.terrain-tools/Shaders/Visualization/HDRP/HDRP_TerrainVisualizationTemplate.hlsl
  artifactKey: Guid(ab49980978440d541b01d4c62adbebbe) Importer(815301076,1909f56bfc062723c751e8b465ee728b)
Start importing Packages/com.unity.terrain-tools/Shaders/Visualization/HDRP/HDRP_TerrainVisualizationTemplate.hlsl using Guid(ab49980978440d541b01d4c62adbebbe) Importer(815301076,1909f56bfc062723c751e8b465ee728b)  -> (artifact id: '82a8fc930252d5c632e0f0b0ede4a4ad') in 0.010127 seconds 
========================================================================
Received Import Request.
  Time since last request: 0.000019 seconds.
  path: Packages/com.unity.terrain-tools/Shaders/NoiseLib/NoiseCommon.hlsl
  artifactKey: Guid(f6dca317ac560d84c88cc90424df1a91) Importer(815301076,1909f56bfc062723c751e8b465ee728b)
Start importing Packages/com.unity.terrain-tools/Shaders/NoiseLib/NoiseCommon.hlsl using Guid(f6dca317ac560d84c88cc90424df1a91) Importer(815301076,1909f56bfc062723c751e8b465ee728b)  -> (artifact id: 'a6311cbfa5a662fba28945436392a9c4') in 0.010823 seconds 
========================================================================
Received Import Request.
  Time since last request: 0.000022 seconds.
  path: Packages/com.unity.terrain-tools/Shaders/NoiseLib/None/Billow.hlsl
  artifactKey: Guid(4791f4a71c113a34bbcccd76ac37d7a1) Importer(815301076,1909f56bfc062723c751e8b465ee728b)
Start importing Packages/com.unity.terrain-tools/Shaders/NoiseLib/None/Billow.hlsl using Guid(4791f4a71c113a34bbcccd76ac37d7a1) Importer(815301076,1909f56bfc062723c751e8b465ee728b)  -> (artifact id: 'a4e8474f5baedcfbb8f6a86cb2ec183d') in 0.002222 seconds 
========================================================================
Received Import Request.
  Time since last request: 0.000017 seconds.
  path: Packages/com.unity.terrain-tools/Shaders/NoiseLib/Implementation/ValueImpl.hlsl
  artifactKey: Guid(fe0208f9ebbe0894ba818980d18a1941) Importer(815301076,1909f56bfc062723c751e8b465ee728b)
Start importing Packages/com.unity.terrain-tools/Shaders/NoiseLib/Implementation/ValueImpl.hlsl using Guid(fe0208f9ebbe0894ba818980d18a1941) Importer(815301076,1909f56bfc062723c751e8b465ee728b)  -> (artifact id: '39cc26d051a233fd7cc23d601b26d9e1') in 0.010365 seconds 
========================================================================
Received Prepare
Registering precompiled user dll's ...
Registered in 0.005169 seconds.
Begin MonoManager ReloadAssembly
Symbol file LoadedFromMemory doesn't match image C:\thKim\UnityProjects\fowRepos\main\fogOfWar\Library\PackageCache\com.unity.visualscripting@1.8.0\Editor\VisualScripting.Core\Dependencies\YamlDotNet\Unity.VisualScripting.YamlDotNet.dll
Symbol file LoadedFromMemory doesn't match image C:\thKim\UnityProjects\fowRepos\main\fogOfWar\Library\PackageCache\com.unity.visualscripting@1.8.0\Editor\VisualScripting.Core\Dependencies\DotNetZip\Unity.VisualScripting.IonicZip.dll
Native extension for WindowsStandalone target not found
Native extension for Android target not found
Refreshing native plugins compatible for Editor in 1.38 ms, found 3 plugins.
Preloading 0 native plugins for Editor in 0.00 ms.
Mono: successfully reloaded assembly
- Completed reload, in  1.280 seconds
Domain Reload Profiling:
	ReloadAssembly (1281ms)
		BeginReloadAssembly (228ms)
			ExecutionOrderSort (0ms)
			DisableScriptedObjects (6ms)
			BackupInstance (0ms)
			ReleaseScriptingObjects (0ms)
			CreateAndSetChildDomain (39ms)
		EndReloadAssembly (936ms)
			LoadAssemblies (182ms)
			RebuildTransferFunctionScriptingTraits (0ms)
			SetupTypeCache (293ms)
			ReleaseScriptCaches (2ms)
			RebuildScriptCaches (43ms)
			SetupLoadedEditorAssemblies (441ms)
				LogAssemblyErrors (0ms)
				InitializePlatformSupportModulesInManaged (17ms)
				SetLoadedEditorAssemblies (0ms)
				RefreshPlugins (1ms)
				BeforeProcessingInitializeOnLoad (72ms)
				ProcessInitializeOnLoadAttributes (272ms)
				ProcessInitializeOnLoadMethodAttributes (71ms)
				AfterProcessingInitializeOnLoad (7ms)
				EditorAssembliesLoaded (0ms)
			ExecutionOrderSort2 (0ms)
			AwakeInstancesAfterBackupRestoration (11ms)
Platform modules already initialized, skipping
Refreshing native plugins compatible for Editor in 2.15 ms, found 3 plugins.
Preloading 0 native plugins for Editor in 0.00 ms.
Unloading 4816 Unused Serialized files (Serialized files now loaded: 0)
Unloading 33 unused Assets / (1.8 MB). Loaded Objects now: 5517.
Memory consumption went from 217.3 MB to 215.5 MB.
Total: 3.326300 ms (FindLiveObjects: 0.333200 ms CreateObjectMapping: 0.112500 ms MarkObjects: 2.546500 ms  DeleteObjects: 0.333200 ms)

AssetImportParameters requested are different than current active one (requested -> active):
  custom:video-decoder-ogg-theora: a1e56fd34408186e4bbccfd4996cb3dc -> 
  custom:container-muxer-webm: aa71ff27fc2769a1b78a27578f13a17b -> 
  custom:container-demuxer-webm: 4f35f7cbe854078d1ac9338744f61a02 -> 
  custom:video-encoder-webm-vp8: eb34c28f22e8b96e1ab97ce403110664 -> 
  custom:audio-encoder-webm-vorbis: bf7c407c2cedff20999df2af8eb42d56 -> 
  custom:framework-win-MediaFoundation: 216162199b28c13a410421893ffa2e32 -> 
  custom:container-demuxer-ogg: 62fdf1f143b41e24485cea50d1cbac27 -> 
  custom:video-decoder-webm-vp8: 9c59270c3fd7afecdb556c50c9e8de78 -> 
  custom:audio-decoder-ogg-vorbis: bf7c407c2cedff20999df2af8eb42d56 -> 
========================================================================
Received Import Request.
  Time since last request: 4477.662614 seconds.
  path: Assets/New/02.Map/03.Church/01.Texture/Materials/Church_STR_WoodPlank_01.mat
  artifactKey: Guid(9cc73e918a0f50f479a6a76de4d727ca) Importer(815301076,1909f56bfc062723c751e8b465ee728b)
Start importing Assets/New/02.Map/03.Church/01.Texture/Materials/Church_STR_WoodPlank_01.mat using Guid(9cc73e918a0f50f479a6a76de4d727ca) Importer(815301076,1909f56bfc062723c751e8b465ee728b)  -> (artifact id: '60a01717e046c6714103996ca396c13b') in 0.253415 seconds 
========================================================================
Received Import Request.
  Time since last request: 0.000039 seconds.
  path: Assets/New/02.Map/04.Downtown/00.Mesh/Downtown_OBJ_Level_Set_03_mesh.obj
  artifactKey: Guid(e60901d8c594ca243b051bfcf7fb1504) Importer(815301076,1909f56bfc062723c751e8b465ee728b)
Start importing Assets/New/02.Map/04.Downtown/00.Mesh/Downtown_OBJ_Level_Set_03_mesh.obj using Guid(e60901d8c594ca243b051bfcf7fb1504) Importer(815301076,1909f56bfc062723c751e8b465ee728b)  -> (artifact id: 'ee82d3ba40ac3c1746c7b6c87a319b15') in 0.080822 seconds 
========================================================================
Received Import Request.
  Time since last request: 0.000034 seconds.
  path: Assets/New/02.Map/04.Downtown/00.Mesh/Downtown_OBJ_Set_02_mesh.obj
  artifactKey: Guid(78a90975acd2b7549864a98c393dd90e) Importer(815301076,1909f56bfc062723c751e8b465ee728b)
Start importing Assets/New/02.Map/04.Downtown/00.Mesh/Downtown_OBJ_Set_02_mesh.obj using Guid(78a90975acd2b7549864a98c393dd90e) Importer(815301076,1909f56bfc062723c751e8b465ee728b)  -> (artifact id: 'a94eb617053080af9dbca21f90f398a9') in 0.038094 seconds 
========================================================================
Received Import Request.
  Time since last request: 0.000032 seconds.
  path: Assets/New/02.Map/15.Uptown/00.Mesh/Common_OBJ_UpTown_RoofDeco_02.obj
  artifactKey: Guid(5f5d4d6b5514ae242abb1b920b0bcfc6) Importer(815301076,1909f56bfc062723c751e8b465ee728b)
Start importing Assets/New/02.Map/15.Uptown/00.Mesh/Common_OBJ_UpTown_RoofDeco_02.obj using Guid(5f5d4d6b5514ae242abb1b920b0bcfc6) Importer(815301076,1909f56bfc062723c751e8b465ee728b)  -> (artifact id: 'fb81080d445e641fc65607cf6d612201') in 0.057742 seconds 
========================================================================
Received Import Request.
  Time since last request: 0.000022 seconds.
  path: Assets/New/02.Map/04.Downtown/00.Mesh/Downtown_OBJ_Level_Set_02_mesh.obj
  artifactKey: Guid(8e2936b187435cf4ba00db30e5f04265) Importer(815301076,1909f56bfc062723c751e8b465ee728b)
Start importing Assets/New/02.Map/04.Downtown/00.Mesh/Downtown_OBJ_Level_Set_02_mesh.obj using Guid(8e2936b187435cf4ba00db30e5f04265) Importer(815301076,1909f56bfc062723c751e8b465ee728b)  -> (artifact id: '853e756082c8fbe2ad292c309e9adaf4') in 0.025917 seconds 
========================================================================
Received Import Request.
  Time since last request: 0.000021 seconds.
  path: Assets/New/02.Map/15.Uptown/00.Mesh/Common_OBJ_UpTown_RoofDeco_05.obj
  artifactKey: Guid(b1b991edab216724a849428c263a8a34) Importer(815301076,1909f56bfc062723c751e8b465ee728b)
Start importing Assets/New/02.Map/15.Uptown/00.Mesh/Common_OBJ_UpTown_RoofDeco_05.obj using Guid(b1b991edab216724a849428c263a8a34) Importer(815301076,1909f56bfc062723c751e8b465ee728b)  -> (artifact id: 'ecf11050fb170006d809c67da5d953b9') in 0.035113 seconds 
========================================================================
Received Import Request.
  Time since last request: 0.000022 seconds.
  path: Assets/New/02.Map/04.Downtown/00.Mesh/Downtown_OBJ_Level_Set_04_mesh.obj
  artifactKey: Guid(2a26d95289bcc274eb6bd8d09000f34c) Importer(815301076,1909f56bfc062723c751e8b465ee728b)
Start importing Assets/New/02.Map/04.Downtown/00.Mesh/Downtown_OBJ_Level_Set_04_mesh.obj using Guid(2a26d95289bcc274eb6bd8d09000f34c) Importer(815301076,1909f56bfc062723c751e8b465ee728b)  -> (artifact id: 'aa37feb2ca37bccd8830eda90db5ca0f') in 0.028847 seconds 
========================================================================
Received Import Request.
  Time since last request: 0.000032 seconds.
  path: Assets/New/02.Map/04.Downtown/00.Mesh/Downtown_OBJ_Set_01_mesh.obj
  artifactKey: Guid(a17fc02c2f61cd846bee2bcc1b179d39) Importer(815301076,1909f56bfc062723c751e8b465ee728b)
Start importing Assets/New/02.Map/04.Downtown/00.Mesh/Downtown_OBJ_Set_01_mesh.obj using Guid(a17fc02c2f61cd846bee2bcc1b179d39) Importer(815301076,1909f56bfc062723c751e8b465ee728b)  -> (artifact id: '4c9f53cdc4bc1b4085b024b113c406ef') in 0.026264 seconds 
========================================================================
Received Import Request.
  Time since last request: 0.000039 seconds.
  path: Packages/com.unity.render-pipelines.universal/Runtime/Materials/Decal.mat
  artifactKey: Guid(31d0dcc6f2dd4e4408d18036a2c93862) Importer(815301076,1909f56bfc062723c751e8b465ee728b)
Start importing Packages/com.unity.render-pipelines.universal/Runtime/Materials/Decal.mat using Guid(31d0dcc6f2dd4e4408d18036a2c93862) Importer(815301076,1909f56bfc062723c751e8b465ee728b)  -> (artifact id: 'f0df78156d81affbc66b5375cbc50b06') in 0.662073 seconds 
Editor requested this worker to shutdown with reason: Scaling down because of idle timeout
AssetImportWorker is now disconnected from the server
Process exiting
Exiting without the bug reporter. Application will terminate with return code 0